Event[0]:
  Log Name: Application
  Source: Microsoft-Windows-WMI
  Date: 2024-10-01T23:07:45.4620000Z
  Event ID: 5615
  Task: N/A
  Level: Information
  Opcode: Info
  Keyword: N/A
  User: S-1-5-18
  User Name: NT AUTHORITY\SYSTEM
  Computer: Raj
  Description: 
Windows Management Instrumentation Service started sucessfully

Event[1]:
  Log Name: Application
  Source: LMS
  Date: 2024-10-01T23:07:46.1480000Z
  Event ID: 0
  Task: %1
  Level: Information
  Opcode: Info
  Keyword: Classic
  User: N/A
  User Name: N/A
  Computer: Raj
  Description: 
Service started/resumed

Event[2]:
  Log Name: Application
  Source: vmauthd
  Date: 2024-10-01T23:07:46.4550000Z
  Event ID: 1000
  Task: N/A
  Level: Information
  Opcode: Info
  Keyword: Classic
  User: N/A
  User Name: N/A
  Computer: Raj
  Description: 
Log for vmauthd version=17.6.0 build=build-24238078 option=Release


Event[3]:
  Log Name: Application
  Source: vmauthd
  Date: 2024-10-01T23:07:46.4710000Z
  Event ID: 1000
  Task: N/A
  Level: Information
  Opcode: Info
  Keyword: Classic
  User: N/A
  User Name: N/A
  Computer: Raj
  Description: 
DictionaryLoad: Cannot open file "C:\Windows\system32\config\systemprofile\AppData\Roaming\VMware\config.ini": The system cannot find the file specified.


Event[4]:
  Log Name: Application
  Source: vmauthd
  Date: 2024-10-01T23:07:46.4710000Z
  Event ID: 1000
  Task: N/A
  Level: Information
  Opcode: Info
  Keyword: Classic
  User: N/A
  User Name: N/A
  Computer: Raj
  Description: 
[msg.dictionary.load.openFailed] Cannot open file "C:\Windows\system32\config\systemprofile\AppData\Roaming\VMware\config.ini": The system cannot find the file specified.


Event[5]:
  Log Name: Application
  Source: vmauthd
  Date: 2024-10-01T23:07:46.4710000Z
  Event ID: 1000
  Task: N/A
  Level: Information
  Opcode: Info
  Keyword: Classic
  User: N/A
  User Name: N/A
  Computer: Raj
  Description: 
PREF Optional preferences file not found at C:\Windows\system32\config\systemprofile\AppData\Roaming\VMware\config.ini. Using default values.


Event[6]:
  Log Name: Application
  Source: vmauthd
  Date: 2024-10-01T23:07:46.4710000Z
  Event ID: 1000
  Task: N/A
  Level: Information
  Opcode: Info
  Keyword: Classic
  User: N/A
  User Name: N/A
  Computer: Raj
  Description: 
DictionaryLoad: Cannot open file "C:\Windows\system32\config\systemprofile\AppData\Roaming\VMware\preferences.ini": The system cannot find the file specified.


Event[7]:
  Log Name: Application
  Source: vmauthd
  Date: 2024-10-01T23:07:46.4710000Z
  Event ID: 1000
  Task: N/A
  Level: Information
  Opcode: Info
  Keyword: Classic
  User: N/A
  User Name: N/A
  Computer: Raj
  Description: 
[msg.dictionary.load.openFailed] Cannot open file "C:\Windows\system32\config\systemprofile\AppData\Roaming\VMware\preferences.ini": The system cannot find the file specified.


Event[8]:
  Log Name: Application
  Source: vmauthd
  Date: 2024-10-01T23:07:46.4710000Z
  Event ID: 1000
  Task: N/A
  Level: Information
  Opcode: Info
  Keyword: Classic
  User: N/A
  User Name: N/A
  Computer: Raj
  Description: 
PREF Optional preferences file not found at C:\Windows\system32\config\systemprofile\AppData\Roaming\VMware\preferences.ini. Using default values.


Event[9]:
  Log Name: Application
  Source: vmauthd
  Date: 2024-10-01T23:07:46.4710000Z
  Event ID: 1000
  Task: N/A
  Level: Information
  Opcode: Info
  Keyword: Classic
  User: N/A
  User Name: N/A
  Computer: Raj
  Description: 
lib/ssl: OpenSSL using default provider


Event[10]:
  Log Name: Application
  Source: vmauthd
  Date: 2024-10-01T23:07:46.4710000Z
  Event ID: 1000
  Task: N/A
  Level: Information
  Opcode: Info
  Keyword: Classic
  User: N/A
  User Name: N/A
  Computer: Raj
  Description: 
lib/ssl: Client usage


Event[11]:
  Log Name: Application
  Source: vmauthd
  Date: 2024-10-01T23:07:46.4710000Z
  Event ID: 1000
  Task: N/A
  Level: Information
  Opcode: Info
  Keyword: Classic
  User: N/A
  User Name: N/A
  Computer: Raj
  Description: 
lib/ssl: protocol list tls1.2


Event[12]:
  Log Name: Application
  Source: vmauthd
  Date: 2024-10-01T23:07:46.4710000Z
  Event ID: 1000
  Task: N/A
  Level: Information
  Opcode: Info
  Keyword: Classic
  User: N/A
  User Name: N/A
  Computer: Raj
  Description: 
lib/ssl: protocol min 0x303 max 0x303


Event[13]:
  Log Name: Application
  Source: vmauthd
  Date: 2024-10-01T23:07:46.4710000Z
  Event ID: 1000
  Task: N/A
  Level: Information
  Opcode: Info
  Keyword: Classic
  User: N/A
  User Name: N/A
  Computer: Raj
  Description: 
lib/ssl: protocol list tls1.2 (openssl flags 0x36000000)


Event[14]:
  Log Name: Application
  Source: vmauthd
  Date: 2024-10-01T23:07:46.4710000Z
  Event ID: 1000
  Task: N/A
  Level: Information
  Opcode: Info
  Keyword: Classic
  User: N/A
  User Name: N/A
  Computer: Raj
  Description: 
lib/ssl: cipher list ECDHE+AESGCM:RSA+AESGCM:ECDHE+AES:RSA+AES


Event[15]:
  Log Name: Application
  Source: vmauthd
  Date: 2024-10-01T23:07:46.4710000Z
  Event ID: 1000
  Task: N/A
  Level: Information
  Opcode: Info
  Keyword: Classic
  User: N/A
  User Name: N/A
  Computer: Raj
  Description: 
lib/ssl: cipher suites TLS_AES_128_GCM_SHA256:TLS_AES_256_GCM_SHA384


Event[16]:
  Log Name: Application
  Source: vmauthd
  Date: 2024-10-01T23:07:46.4710000Z
  Event ID: 1000
  Task: N/A
  Level: Information
  Opcode: Info
  Keyword: Classic
  User: N/A
  User Name: N/A
  Computer: Raj
  Description: 
lib/ssl: curves list prime256v1:secp384r1:secp521r1


Event[17]:
  Log Name: Application
  Source: vmauthd
  Date: 2024-10-01T23:07:46.4710000Z
  Event ID: 1000
  Task: N/A
  Level: Information
  Opcode: Info
  Keyword: Classic
  User: N/A
  User Name: N/A
  Computer: Raj
  Description: 
lib/ssl: Server usage


Event[18]:
  Log Name: Application
  Source: vmauthd
  Date: 2024-10-01T23:07:46.4710000Z
  Event ID: 1000
  Task: N/A
  Level: Information
  Opcode: Info
  Keyword: Classic
  User: N/A
  User Name: N/A
  Computer: Raj
  Description: 
lib/ssl: protocol list tls1.2


Event[19]:
  Log Name: Application
  Source: vmauthd
  Date: 2024-10-01T23:07:46.4710000Z
  Event ID: 1000
  Task: N/A
  Level: Information
  Opcode: Info
  Keyword: Classic
  User: N/A
  User Name: N/A
  Computer: Raj
  Description: 
lib/ssl: protocol min 0x303 max 0x303


Event[20]:
  Log Name: Application
  Source: vmauthd
  Date: 2024-10-01T23:07:46.4710000Z
  Event ID: 1000
  Task: N/A
  Level: Information
  Opcode: Info
  Keyword: Classic
  User: N/A
  User Name: N/A
  Computer: Raj
  Description: 
lib/ssl: protocol list tls1.2 (openssl flags 0x36000000)


Event[21]:
  Log Name: Application
  Source: vmauthd
  Date: 2024-10-01T23:07:46.4710000Z
  Event ID: 1000
  Task: N/A
  Level: Information
  Opcode: Info
  Keyword: Classic
  User: N/A
  User Name: N/A
  Computer: Raj
  Description: 
lib/ssl: cipher list ECDHE+AESGCM:RSA+AESGCM:ECDHE+AES:RSA+AES


Event[22]:
  Log Name: Application
  Source: vmauthd
  Date: 2024-10-01T23:07:46.4710000Z
  Event ID: 1000
  Task: N/A
  Level: Information
  Opcode: Info
  Keyword: Classic
  User: N/A
  User Name: N/A
  Computer: Raj
  Description: 
lib/ssl: cipher suites TLS_AES_128_GCM_SHA256:TLS_AES_256_GCM_SHA384


Event[23]:
  Log Name: Application
  Source: vmauthd
  Date: 2024-10-01T23:07:46.4710000Z
  Event ID: 1000
  Task: N/A
  Level: Information
  Opcode: Info
  Keyword: Classic
  User: N/A
  User Name: N/A
  Computer: Raj
  Description: 
lib/ssl: curves list prime256v1:secp384r1:secp521r1


Event[24]:
  Log Name: Application
  Source: vmauthd
  Date: 2024-10-01T23:07:46.4710000Z
  Event ID: 1000
  Task: N/A
  Level: Information
  Opcode: Info
  Keyword: Classic
  User: N/A
  User Name: N/A
  Computer: Raj
  Description: 
LOCALE windows-1252 -> NULL User=4009 System=409


Event[25]:
  Log Name: Application
  Source: vmauthd
  Date: 2024-10-01T23:07:46.4710000Z
  Event ID: 1000
  Task: N/A
  Level: Information
  Opcode: Info
  Keyword: Classic
  User: N/A
  User Name: N/A
  Computer: Raj
  Description: 
Msg_SetLocaleEx: HostLocale=windows-1252 UserLocale=NULL


Event[26]:
  Log Name: Application
  Source: vmauthd
  Date: 2024-10-01T23:07:46.4710000Z
  Event ID: 1000
  Task: N/A
  Level: Information
  Opcode: Info
  Keyword: Classic
  User: N/A
  User Name: N/A
  Computer: Raj
  Description: 
LogRotation: Rotating to a new log file (keepOld 3) took 0.002780 seconds.


Event[27]:
  Log Name: Application
  Source: vmauthd
  Date: 2024-10-01T23:07:46.4710000Z
  Event ID: 1000
  Task: N/A
  Level: Information
  Opcode: Info
  Keyword: Classic
  User: N/A
  User Name: N/A
  Computer: Raj
  Description: 
VMAuthdRunService: WSCSetApplicationCategory succeeded: 0x80000000


Event[28]:
  Log Name: Application
  Source: vmauthd
  Date: 2024-10-01T23:07:46.4830000Z
  Event ID: 1000
  Task: N/A
  Level: Information
  Opcode: Info
  Keyword: Classic
  User: N/A
  User Name: N/A
  Computer: Raj
  Description: 
Service Started.


Event[29]:
  Log Name: Application
  Source: igccservice
  Date: 2024-10-01T23:07:46.6050000Z
  Event ID: 0
  Task: N/A
  Level: Information
  Opcode: Info
  Keyword: Classic
  User: N/A
  User Name: N/A
  Computer: Raj
  Description: 
Service started successfully.

Event[30]:
  Log Name: Application
  Source: Microsoft-Windows-WMI
  Date: 2024-10-01T23:07:46.9460000Z
  Event ID: 5617
  Task: N/A
  Level: Information
  Opcode: Info
  Keyword: N/A
  User: S-1-5-18
  User Name: NT AUTHORITY\SYSTEM
  Computer: Raj
  Description: 
Windows Management Instrumentation Service subsystems initialized successfully

Event[31]:
  Log Name: Application
  Source: Microsoft-Windows-Security-SPP
  Date: 2024-10-01T23:07:49.3810000Z
  Event ID: 900
  Task: N/A
  Level: Information
  Opcode: N/A
  Keyword: Classic
  User: N/A
  User Name: N/A
  Computer: Raj
  Description: 
The Software Protection service is starting.
Parameters:TriggerStarted:6

Event[32]:
  Log Name: Application
  Source: Microsoft-Windows-Security-SPP
  Date: 2024-10-01T23:07:49.6880000Z
  Event ID: 16394
  Task: N/A
  Level: Information
  Opcode: N/A
  Keyword: Classic
  User: N/A
  User Name: N/A
  Computer: Raj
  Description: 
Offline downlevel migration succeeded.

Event[33]:
  Log Name: Application
  Source: Microsoft-Windows-Security-SPP
  Date: 2024-10-01T23:07:49.7350000Z
  Event ID: 1066
  Task: N/A
  Level: Information
  Opcode: N/A
  Keyword: Classic
  User: N/A
  User Name: N/A
  Computer: Raj
  Description: 
Initialization status for service objects.
C:\Windows\system32\sppwinob.dll, msft:spp/windowsfunctionality/agent/7.0, 0x00000000, 0x00000000
C:\Windows\system32\sppobjs.dll, msft:rm/algorithm/inherited/1.0, 0x00000000, 0x00000000
C:\Windows\system32\sppobjs.dll, msft:rm/algorithm/phone/1.0, 0x00000000, 0x00000000
C:\Windows\system32\sppobjs.dll, msft:rm/algorithm/pkey/detect, 0x00000000, 0x00000000
C:\Windows\system32\sppobjs.dll, msft:spp/ActionScheduler/1.0, 0x00000000, 0x00000000
C:\Windows\system32\sppobjs.dll, msft:spp/TaskScheduler/1.0, 0x00000000, 0x00000000
C:\Windows\system32\sppobjs.dll, msft:spp/statecollector/pkey, 0x00000000, 0x00000000
C:\Windows\system32\sppobjs.dll, msft:spp/volume/services/kms/1.0, 0x00000000, 0x00000000
C:\Windows\system32\sppobjs.dll, msft:spp/volume/services/kms/activationinfo/1.0, 0x00000000, 0x00000000


Event[34]:
  Log Name: Application
  Source: Microsoft-Windows-Security-SPP
  Date: 2024-10-01T23:07:49.9320000Z
  Event ID: 1040
  Task: N/A
  Level: Information
  Opcode: N/A
  Keyword: Classic
  User: N/A
  User Name: N/A
  Computer: Raj
  Description: 
Hardware has changed from previous boot.
 AppId=55c92734-d682-4d71-983e-d6ec3f16059f, SkuId=e272e3e2-732f-4c65-a8f0-484747d0d947.

Event[35]:
  Log Name: Application
  Source: ESENT
  Date: 2024-10-01T23:07:49.9750000Z
  Event ID: 102
  Task: General
  Level: Information
  Opcode: Info
  Keyword: Classic
  User: N/A
  User Name: N/A
  Computer: Raj
  Description: 
SearchIndexer (6164,P,98) Windows: The database engine (10.00.19045.0000) is starting a new instance (0).

Event[36]:
  Log Name: Application
  Source: ESENT
  Date: 2024-10-01T23:07:50.2870000Z
  Event ID: 300
  Task: Logging/Recovery
  Level: Information
  Opcode: Info
  Keyword: Classic
  User: N/A
  User Name: N/A
  Computer: Raj
  Description: 
SearchIndexer (6164,R,98) Windows: The database engine is initiating recovery steps.

Event[37]:
  Log Name: Application
  Source: Microsoft-Windows-Security-SPP
  Date: 2024-10-01T23:07:51.3880000Z
  Event ID: 1003
  Task: N/A
  Level: Information
  Opcode: N/A
  Keyword: Classic
  User: N/A
  User Name: N/A
  Computer: Raj
  Description: 
The Software Protection service has completed licensing status check.
Application Id=55c92734-d682-4d71-983e-d6ec3f16059f
Licensing Status=
1: 0724cb7d-3437-4cb7-93cb-830375d0079d, 1, 0 [(0 [0xC004F014, 0, 0], [(?)(?)(?)(?)(?)(?)(?)(?)])(1 )(2 )(3 )]
2: 0e0a4643-943f-4a28-b82f-db752d0d7ec7, 1, 0 [(0 [0xC004F014, 0, 0], [(?)(?)(?)(?)(?)(?)(?)(?)])(1 )(2 )(3 )]
3: 13a38698-4a49-4b9e-8e83-98fe51110953, 1, 0 [(0 [0xC004F014, 0, 0], [(?)(?)(?)(?)(?)(?)(?)(?)])(1 )(2 )(3 )]
4: 1419d934-3a3f-46d4-8a5e-8594a56b9e6f, 1, 0 [(0 [0xC004F014, 0, 0], [(?)(?)(?)(?)(?)(?)(?)(?)])(1 )(2 )(3 )]
5: 2ea9cf38-0d06-4ed0-a4be-66fc7c919a42, 1, 0 [(0 [0xC004F014, 0, 0], [(?)(?)(?)(?)(?)(?)(?)(?)])(1 )(2 )(3 )]
6: 30a42c86-b7a0-4a34-8c90-ff177cb2acb7, 1, 0 [(0 [0xC004F014, 0, 0], [(?)(?)(?)(?)(?)(?)(?)(?)])(1 )(2 )(3 )]
7: 3c102355-d027-42c6-ad23-2e7ef8a02585, 1, 0 [(0 [0xC004F014, 0, 0], [(?)(?)(?)(?)(?)(?)(?)(?)])(1 )(2 )(3 )]
8: 4053f6e4-20bb-49f2-b808-8385c48b5cd5, 1, 0 [(0 [0xC004F014, 0, 0], [(?)(?)(?)(?)(?)(?)(?)(?)])(1 )(2 )(3 )]
9: 4b1571d3-bafb-4b40-8087-a961be2caf65, 1, 0 [(0 [0xC004F014, 0, 0], [(?)(?)(?)(?)(?)(?)(?)(?)])(1 )(2 )(3 )]
10: 5300b18c-2e33-4dc2-8291-47ffcec746dd, 1, 0 [(0 [0xC004F014, 0, 0], [(?)(?)(?)(?)(?)(?)(?)(?)])(1 )(2 )(3 )]
11: 550a7080-123a-4c1c-ad73-adebffe64cb0, 1, 0 [(0 [0xC004F014, 0, 0], [(?)(?)(?)(?)(?)(?)(?)(?)])(1 )(2 )(3 )]
12: 5694ba59-213b-468a-b2c9-82a4dd09877d, 1, 0 [(0 [0xC004F014, 0, 0], [(?)(?)(?)(?)(?)(?)(?)(?)])(1 )(2 )(3 )]
13: 58a01bdf-695f-441b-b7c5-bba7b495b894, 1, 0 [(0 [0xC004F014, 0, 0], [(?)(?)(?)(?)(?)(?)(?)(?)])(1 )(2 )(3 )]
14: 608e9c8c-895c-47ad-a336-4abd5ae221a4, 1, 0 [(0 [0xC004F014, 0, 0], [(?)(?)(?)(?)(?)(?)(?)(?)])(1 )(2 )(3 )]
15: 60b3ec1b-9545-4921-821f-311b129dd6f6, 1, 0 [(0 [0xC004F014, 0, 0], [(?)(?)(?)(?)(?)(?)(?)(?)])(1 )(2 )(3 )]
16: 6ccd24e5-8cc4-49ae-8996-dcfdcb4e1dc2, 1, 0 [(0 [0xC004F014, 0, 0], [(?)(?)(?)(?)(?)(?)(?)(?)])(1 )(2 )(3 )]
17: 6ef518fa-b31e-4c71-851a-d10f61eccd54, 1, 0 [(0 [0xC004F014, 0, 0], [(?)(?)(?)(?)(?)(?)(?)(?)])(1 )(2 )(3 )]
18: 73416275-0240-425f-90d9-d92590083699, 1, 0 [(0 [0xC004F014, 0, 0], [(?)(?)(?)(?)(?)(?)(?)(?)])(1 )(2 )(3 )]
19: 7a802526-4c94-4bd1-ba14-835a1aca2120, 1, 0 [(0 [0xC004F014, 0, 0], [(?)(?)(?)(?)(?)(?)(?)(?)])(1 )(2 )(3 )]
20: 89e87510-ba92-45f6-8329-3afa905e3e83, 1, 0 [(0 [0xC004F014, 0, 0], [(?)(?)(?)(?)(?)(?)(?)(?)])(1 )(2 )(3 )]
21: 8a9e86e9-057b-40ca-b11b-307d8f167ae8, 1, 0 [(0 [0xC004F014, 0, 0], [(?)(?)(?)(?)(?)(?)(?)(?)])(1 )(2 )(3 )]
22: 90da7373-1c51-430b-bf26-c97e9c5cdc31, 1, 0 [(0 [0xC004F014, 0, 0], [(?)(?)(?)(?)(?)(?)(?)(?)])(1 )(2 )(3 )]
23: 9252fc78-051d-4eef-b4e1-ae263a885708, 1, 0 [(0 [0xC004F014, 0, 0], [(?)(?)(?)(?)(?)(?)(?)(?)])(1 )(2 )(3 )]
24: 9c4a7917-c857-4bd5-b109-d21866014b5c, 1, 0 [(0 [0xC004F014, 0, 0], [(?)(?)(?)(?)(?)(?)(?)(?)])(1 )(2 )(3 )]
25: 9fbaf5d6-4d83-4422-870d-fdda6e5858aa, 1, 0 [(0 [0xC004F014, 0, 0], [(?)(?)(?)(?)(?)(?)(?)(?)])(1 )(2 )(3 )]
26: a80b5abf-76ad-428b-b05d-a47d2dffeebf, 1, 0 [(0 [0xC004F014, 0, 0], [(?)(?)(?)(?)(?)(?)(?)(?)])(1 )(2 )(3 )]
27: b6f26b97-8a82-4781-beef-1123952988f2, 1, 0 [(0 [0xC004F014, 0, 0], [(?)(?)(?)(?)(?)(?)(?)(?)])(1 )(2 )(3 )]
28: c5198a66-e435-4432-89cf-ec777c9d0352, 1, 0 [(0 [0xC004F014, 0, 0], [(?)(?)(?)(?)(?)(?)(?)(?)])(1 )(2 )(3 )]
29: c6c0a31e-7003-4dff-b4f9-ddc9f8d20af9, 1, 0 [(0 [0xC004F014, 0, 0], [(?)(?)(?)(?)(?)(?)(?)(?)])(1 )(2 )(3 )]
30: c83cef07-6b72-4bbc-a28f-a00386872839, 1, 0 [(0 [0xC004F014, 0, 0], [(?)(?)(?)(?)(?)(?)(?)(?)])(1 )(2 )(3 )]
31: d552befb-48cc-4327-8f39-47d2d94f987c, 1, 0 [(0 [0xC004F014, 0, 0], [(?)(?)(?)(?)(?)(?)(?)(?)])(1 )(2 )(3 )]
32: d559863d-8e3d-4854-b5ea-8e43ffa8079b, 1, 0 [(0 [0xC004F014, 0, 0], [(?)(?)(?)(?)(?)(?)(?)(?)])(1 )(2 )(3 )]
33: dcca5ad8-d7aa-432b-8bf3-1829dfe7d0f2, 1, 0 [(0 [0xC004F014, 0, 0], [(?)(?)(?)(?)(?)(?)(?)(?)])(1 )(2 )(3 )]
34: e272e3e2-732f-4c65-a8f0-484747d0d947, 1, 1 [(0 [0x00000000, 1, 0], [(?)( 1 0x00000000)(?)( 2 0x00000000 0 0 msft:rm/algorithm/volume/1.0 0x00000000 230382)(?)(?)( 10 0x00000000 msft:rm/algorithm/flags/1.0)(?)])(1 )(2 )(3 )]
35: e9a93439-eac5-4d1b-9123-f29bd20cc8fc, 1, 0 [(0 [0xC004F014, 0, 0], [(?)(?)(?)(?)(?)(?)(?)(?)])(1 )(2 )(3 )]



Event[38]:
  Log Name: Application
  Source: Microsoft-Windows-Security-SPP
  Date: 2024-10-01T23:07:51.4410000Z
  Event ID: 902
  Task: N/A
  Level: Information
  Opcode: N/A
  Keyword: Classic
  User: N/A
  User Name: N/A
  Computer: Raj
  Description: 
The Software Protection service has started.
10.0.19041.4894

Event[39]:
  Log Name: Application
  Source: Microsoft-Windows-Security-SPP
  Date: 2024-10-01T23:07:51.6140000Z
  Event ID: 1040
  Task: N/A
  Level: Information
  Opcode: N/A
  Keyword: Classic
  User: N/A
  User Name: N/A
  Computer: Raj
  Description: 
Hardware has changed from previous boot.
 AppId=0ff1ce15-a989-479d-af46-f275c6370663, SkuId=fbdb3e18-a8ef-4fb3-9183-dffd60bd0984.

Event[40]:
  Log Name: Application
  Source: WMIRegistrationService
  Date: 2024-10-01T23:07:52.1190000Z
  Event ID: 2
  Task: N/A
  Level: Information
  Opcode: N/A
  Keyword: Classic
  User: N/A
  User Name: N/A
  Computer: Raj
  Description: 
Intel(R) WMI Registration Service has successfully finished WMI Registration.

Event[41]:
  Log Name: Application
  Source: Microsoft-Windows-WMI
  Date: 2024-10-01T23:07:51.5550000Z
  Event ID: 63
  Task: N/A
  Level: Warning
  Opcode: Info
  Keyword: N/A
  User: S-1-5-18
  User Name: NT AUTHORITY\SYSTEM
  Computer: Raj
  Description: 
A provider, IntelMEProv, has been registered in the Windows Management Instrumentation namespace root\Intel_ME to use the LocalSystem account. This account is privileged and the provider may cause a security violation if it does not correctly impersonate user requests.

Event[42]:
  Log Name: Application
  Source: Microsoft-Windows-WMI
  Date: 2024-10-01T23:07:51.5590000Z
  Event ID: 63
  Task: N/A
  Level: Warning
  Opcode: Info
  Keyword: N/A
  User: S-1-5-18
  User Name: NT AUTHORITY\SYSTEM
  Computer: Raj
  Description: 
A provider, IntelMEProv, has been registered in the Windows Management Instrumentation namespace root\Intel_ME to use the LocalSystem account. This account is privileged and the provider may cause a security violation if it does not correctly impersonate user requests.

Event[43]:
  Log Name: Application
  Source: Microsoft-Windows-WMI
  Date: 2024-10-01T23:07:51.5610000Z
  Event ID: 63
  Task: N/A
  Level: Warning
  Opcode: Info
  Keyword: N/A
  User: S-1-5-18
  User Name: NT AUTHORITY\SYSTEM
  Computer: Raj
  Description: 
A provider, IntelMEProv, has been registered in the Windows Management Instrumentation namespace root\Intel_ME to use the LocalSystem account. This account is privileged and the provider may cause a security violation if it does not correctly impersonate user requests.

Event[44]:
  Log Name: Application
  Source: ESENT
  Date: 2024-10-01T23:07:52.3360000Z
  Event ID: 301
  Task: Logging/Recovery
  Level: Information
  Opcode: Info
  Keyword: Classic
  User: N/A
  User Name: N/A
  Computer: Raj
  Description: 
SearchIndexer (6164,R,98) Windows: The database engine has finished replaying logfile C:\ProgramData\Microsoft\Search\Data\Applications\Windows\edb.jtx. 
 
Processing Stats: 
[1] 1.811317 -1.359117 (55) CM -0.081297 (5) WT +J(CM:55, PgRf:1465, Rd:0/55, Dy:54/3177, Lg:644258/5056) +M(C:0K, Fs:860, WS:2540K # 2456K, PF:2532K # 2436K, P:2532K). 
Log record of type 'Commit   ' was seen most frequently (1176 times)

Event[45]:
  Log Name: Application
  Source: ESENT
  Date: 2024-10-01T23:07:52.4360000Z
  Event ID: 302
  Task: Logging/Recovery
  Level: Information
  Opcode: Info
  Keyword: Classic
  User: N/A
  User Name: N/A
  Computer: Raj
  Description: 
SearchIndexer (6164,U,98) Windows: The database engine has successfully completed recovery steps.

Event[46]:
  Log Name: Application
  Source: ESENT
  Date: 2024-10-01T23:07:52.9660000Z
  Event ID: 105
  Task: General
  Level: Information
  Opcode: Info
  Keyword: Classic
  User: N/A
  User Name: N/A
  Computer: Raj
  Description: 
SearchIndexer (6164,D,0) Windows: The database engine started a new instance (0). (Time=2 seconds) 
 
Additional Data:
 lgposV2[] = 000003DB:0001:0000 - 000003DB:00A0:0824 - 000003DB:00A1:0000 - 000003DB:00A1:0000 (00000000:0000:0000)
cReInits = 1
 
 
Internal Timing Sequence: 
[1] 0.001075 +J(0) +M(C:0K, Fs:284, WS:1112K # 1112K, PF:5256K # 5256K, P:5256K)
[2] 0.000248 +J(0) +M(C:0K, Fs:116, WS:460K # 460K, PF:408K # 408K, P:408K)
[3] 0.000262 +J(0) +M(C:0K, Fs:12, WS:44K # 44K, PF:68K # 68K, P:68K)
[4] 0.000113 +J(0) +M(C:0K, Fs:27, WS:108K # 108K, PF:360K # 360K, P:360K)
[5] 0.000863 +J(0) +M(C:0K, Fs:9, WS:36K # 36K, PF:20K # 20K, P:20K)
[6] 0.026976 +J(0) +M(C:0K, Fs:26, WS:104K # 104K, PF:16K # 24K, P:16K)
[7] 0.038875 -0.037164 (2) WT +J(0) +M(C:0K, Fs:336, WS:1340K # 1340K, PF:1064K # 1056K, P:1064K)
[8] 2.300152 -1.359117 (55) CM -0.081641 (9) WT +J(CM:55, PgRf:1465, Rd:0/55, Dy:54/3177, Lg:644258/5056) +M(C:0K, Fs:1199, WS:3788K # 3788K, PF:3452K # 3452K, P:3452K)
[9] 0.000414 +J(0) +M(C:0K, Fs:6, WS:24K # 24K, PF:0K # 0K, P:0K)
[10] 0.000442 +J(0) +M(C:0K, Fs:0, WS:-1020K # 0K, PF:-1020K # 0K, P:-1020K)
[11] 0.000031 +J(CM:0, PgRf:0, Rd:0/0, Dy:0/0, Lg:49/1) +M(C:0K, Fs:2, WS:8K # 0K, PF:0K # 0K, P:0K)
[12] 0.066577 -0.000002 (54) CM -0.065233 (7) WT +J(CM:54, PgRf:0, Rd:0/54, Dy:0/0, Lg:0/0) +M(C:0K, Fs:232, WS:24K # 0K, PF:0K # 0K, P:0K)
[13] 0.558311 -0.000164 (2) CM -0.025911 (20) WT +J(CM:2, PgRf:2, Rd:0/2, Dy:0/0, Lg:8759/5) +M(C:0K, Fs:308, WS:-1792K # 0K, PF:-1824K # 0K, P:-1824K)
[14] 0.000018 +J(0)
[15] 0.000024 +J(0)
[16] 0.000125 +J(0) +M(C:0K, Fs:2, WS:0K # 0K, PF:0K # 0K, P:0K).

Event[47]:
  Log Name: Application
  Source: ESENT
  Date: 2024-10-01T23:07:53.1010000Z
  Event ID: 326
  Task: General
  Level: Information
  Opcode: Info
  Keyword: Classic
  User: N/A
  User Name: N/A
  Computer: Raj
  Description: 
SearchIndexer (6164,D,50) Windows: The database engine attached a database (1, C:\ProgramData\Microsoft\Search\Data\Applications\Windows\Windows.edb). (Time=0 seconds) 
 
Saved Cache: 0 0 
Additional Data: lgposAttach = 000003DB:00A3:0268,
dbv = 1568.110.240 
 
Internal Timing Sequence: 
[1] 0.000002 +J(0)
[2] 0.000840 +J(0) +M(C:0K, Fs:24, WS:32K # 0K, PF:32K # 0K, P:32K)
[3] 0.003277 -0.001267 (5) WT +J(CM:0, PgRf:0, Rd:0/0, Dy:0/0, Lg:3480/2) +M(C:0K, Fs:14, WS:-744K # 0K, PF:-748K # 0K, P:-748K)
[4] 0.000064 +J(0)
[5] -
[6] -
[7] -
[8] 0.089943 -0.089555 (2) CM +J(CM:2, PgRf:2, Rd:14/2, Dy:0/0, Lg:54/1) +M(C:0K, Fs:24, WS:96K # 0K, PF:560K # 0K, P:560K)
[9] 0.041606 -0.003093 (5) CM -0.038295 (1) WT +J(CM:5, PgRf:23, Rd:0/5, Dy:0/0, Lg:0/0) +M(C:0K, Fs:64, WS:256K # 0K, PF:224K # 0K, P:224K)
[10] 0.007783 -0.007696 (1) CM +J(CM:1, PgRf:40, Rd:0/1, Dy:0/0, Lg:0/0) +M(C:0K, Fs:8, WS:32K # 0K, PF:32K # 0K, P:32K)
[11] 0.000015 +J(CM:0, PgRf:1, Rd:0/0, Dy:0/0, Lg:0/0) +M(C:0K, Fs:2, WS:8K # 0K, PF:0K # 0K, P:0K)
[12] 0.000031 +J(CM:0, PgRf:42, Rd:0/0, Dy:0/0, Lg:0/0) +M(C:0K, Fs:3, WS:12K # 0K, PF:0K # 0K, P:0K)
[13] 0.0 +J(0)
[14] 0.0 +J(0)
[15] 0.000004 +J(CM:0, PgRf:1, Rd:0/0, Dy:0/0, Lg:0/0).

Event[48]:
  Log Name: Application
  Source: Microsoft-Windows-Search
  Date: 2024-10-01T23:07:53.6800000Z
  Event ID: 1003
  Task: Search service
  Level: Information
  Opcode: N/A
  Keyword: Classic
  User: N/A
  User Name: N/A
  Computer: Raj
  Description: 
The Windows Search Service started.


Event[49]:
  Log Name: Application
  Source: Microsoft-Windows-Security-SPP
  Date: 2024-10-01T23:07:58.5980000Z
  Event ID: 8230
  Task: N/A
  Level: Information
  Opcode: N/A
  Keyword: Classic
  User: N/A
  User Name: N/A
  Computer: Raj
  Description: 
The rules engine successfully re-evaluated the schedule.
Kernel policies:
Security-SPP-Action-StateData (REG_SZ) =AppId=55c92734-d682-4d71-983e-d6ec3f16059f;GraceEndDate=2025/03/10:17:19:53;LastConsumptionReason=0x00000000;LastNotificationId=Cleanup;LicenseState=SL_LICENSING_STATUS_LICENSED;PartialProductKey=KHJW4;ProductKeyType=Volume:GVLK;SkuId=e272e3e2-732f-4c65-a8f0-484747d0d947;ruleId=379cccfb-d4e0-48fe-b0f2-0136097be147;uxDifferentiator=ENVIRONMENT;volumeActivationOrder=normal

Event[50]:
  Log Name: Application
  Source: Microsoft-Windows-Winlogon
  Date: 2024-10-01T23:08:02.3820000Z
  Event ID: 6003
  Task: N/A
  Level: Information
  Opcode: N/A
  Keyword: Classic
  User: N/A
  User Name: N/A
  Computer: Raj
  Description: 
The winlogon notification subscriber <SessionEnv> was unavailable to handle a critical notification event.

Event[51]:
  Log Name: Application
  Source: igfxCUIService2.0.0.0
  Date: 2024-10-01T23:08:08.3660000Z
  Event ID: 0
  Task: None
  Level: Information
  Opcode: Info
  Keyword: Classic
  User: N/A
  User Name: N/A
  Computer: Raj
  Description: 
The operation completed successfully.

Event[52]:
  Log Name: Application
  Source: igfxCUIService2.0.0.0
  Date: 2024-10-01T23:08:08.3660000Z
  Event ID: 0
  Task: None
  Level: Information
  Opcode: Info
  Keyword: Classic
  User: N/A
  User Name: N/A
  Computer: Raj
  Description: 
The operation completed successfully.

Event[53]:
  Log Name: Application
  Source: Microsoft-Windows-Winlogon
  Date: 2024-10-01T23:08:08.6860000Z
  Event ID: 6000
  Task: N/A
  Level: Information
  Opcode: N/A
  Keyword: Classic
  User: N/A
  User Name: N/A
  Computer: Raj
  Description: 
The winlogon notification subscriber <SessionEnv> was unavailable to handle a notification event.

Event[54]:
  Log Name: Application
  Source: igfxCUIService2.0.0.0
  Date: 2024-10-01T23:08:09.5120000Z
  Event ID: 0
  Task: None
  Level: Information
  Opcode: Info
  Keyword: Classic
  User: N/A
  User Name: N/A
  Computer: Raj
  Description: 
The operation completed successfully.

Event[55]:
  Log Name: Application
  Source: Microsoft-Windows-Security-SPP
  Date: 2024-10-01T23:08:10.9420000Z
  Event ID: 12288
  Task: N/A
  Level: Information
  Opcode: N/A
  Keyword: Classic
  User: N/A
  User Name: N/A
  Computer: Raj
  Description: 
The client has sent an activation request to the key management service machine.
Info:
0xC0020017, 0x00000000, 0.0.0.0:1688, e86dcf56-e43c-468b-8840-cc63ef8d89fe, 2024/10/01 17:37, 0, 5, 0, fbdb3e18-a8ef-4fb3-9183-dffd60bd0984, 5

Event[56]:
  Log Name: Application
  Source: Microsoft-Windows-Security-SPP
  Date: 2024-10-01T23:08:11.0870000Z
  Event ID: 8233
  Task: N/A
  Level: Warning
  Opcode: N/A
  Keyword: Classic
  User: N/A
  User Name: N/A
  Computer: Raj
  Description: 
The rules engine reported a failed VL activation attempt.
Reason:0xC004F074
AppId = 0ff1ce15-a989-479d-af46-f275c6370663, SkuId = fbdb3e18-a8ef-4fb3-9183-dffd60bd0984
Trigger=NetworkAvailable

Event[57]:
  Log Name: Application
  Source: igccservice
  Date: 2024-10-01T23:08:11.4990000Z
  Event ID: 0
  Task: N/A
  Level: Information
  Opcode: Info
  Keyword: Classic
  User: N/A
  User Name: N/A
  Computer: Raj
  Description: 
PowerEvent handled successfully by the service.

Event[58]:
  Log Name: Application
  Source: Microsoft-Windows-Security-SPP
  Date: 2024-10-01T23:08:18.0920000Z
  Event ID: 12288
  Task: N/A
  Level: Information
  Opcode: N/A
  Keyword: Classic
  User: N/A
  User Name: N/A
  Computer: Raj
  Description: 
The client has sent an activation request to the key management service machine.
Info:
0xC0020017, 0x00000000, 0.0.0.0:1688, e86dcf56-e43c-468b-8840-cc63ef8d89fe, 2024/10/01 17:38, 0, 2, 39668, aaea0dc8-78e1-4343-9f25-b69b83dd1bce, 5

Event[59]:
  Log Name: Application
  Source: Microsoft-Windows-Security-SPP
  Date: 2024-10-01T23:08:18.0920000Z
  Event ID: 8233
  Task: N/A
  Level: Warning
  Opcode: N/A
  Keyword: Classic
  User: N/A
  User Name: N/A
  Computer: Raj
  Description: 
The rules engine reported a failed VL activation attempt.
Reason:0xC004F074
AppId = 0ff1ce15-a989-479d-af46-f275c6370663, SkuId = aaea0dc8-78e1-4343-9f25-b69b83dd1bce
Trigger=NetworkAvailable

Event[60]:
  Log Name: Application
  Source: Microsoft-Windows-Security-SPP
  Date: 2024-10-01T23:08:29.6350000Z
  Event ID: 12288
  Task: N/A
  Level: Information
  Opcode: N/A
  Keyword: Classic
  User: N/A
  User Name: N/A
  Computer: Raj
  Description: 
The client has sent an activation request to the key management service machine.
Info:
0xC0020017, 0x00000000, 0.0.0.0:1688, e86dcf56-e43c-468b-8840-cc63ef8d89fe, 2024/10/01 17:38, 0, 2, 39668, fceda083-1203-402a-8ec4-3d7ed9f3648c, 5

Event[61]:
  Log Name: Application
  Source: Microsoft-Windows-Security-SPP
  Date: 2024-10-01T23:08:29.6350000Z
  Event ID: 8233
  Task: N/A
  Level: Warning
  Opcode: N/A
  Keyword: Classic
  User: N/A
  User Name: N/A
  Computer: Raj
  Description: 
The rules engine reported a failed VL activation attempt.
Reason:0xC004F074
AppId = 0ff1ce15-a989-479d-af46-f275c6370663, SkuId = fceda083-1203-402a-8ec4-3d7ed9f3648c
Trigger=NetworkAvailable

Event[62]:
  Log Name: Application
  Source: Microsoft-Windows-Security-SPP
  Date: 2024-10-01T23:08:36.5580000Z
  Event ID: 12288
  Task: N/A
  Level: Information
  Opcode: N/A
  Keyword: Classic
  User: N/A
  User Name: N/A
  Computer: Raj
  Description: 
The client has sent an activation request to the key management service machine.
Info:
0xC0020017, 0x00000000, 0.0.0.0:1688, e86dcf56-e43c-468b-8840-cc63ef8d89fe, 2024/10/01 17:38, 0, 2, 39668, 4ab4d849-aabc-43fb-87ee-3aed02518891, 5

Event[63]:
  Log Name: Application
  Source: Microsoft-Windows-Security-SPP
  Date: 2024-10-01T23:08:36.5580000Z
  Event ID: 8233
  Task: N/A
  Level: Warning
  Opcode: N/A
  Keyword: Classic
  User: N/A
  User Name: N/A
  Computer: Raj
  Description: 
The rules engine reported a failed VL activation attempt.
Reason:0xC004F074
AppId = 0ff1ce15-a989-479d-af46-f275c6370663, SkuId = 4ab4d849-aabc-43fb-87ee-3aed02518891
Trigger=NetworkAvailable

Event[64]:
  Log Name: Application
  Source: Microsoft-Windows-Security-SPP
  Date: 2024-10-01T23:08:47.2200000Z
  Event ID: 8230
  Task: N/A
  Level: Information
  Opcode: N/A
  Keyword: Classic
  User: N/A
  User Name: N/A
  Computer: Raj
  Description: 
The rules engine successfully re-evaluated the schedule.
Kernel policies:
Security-SPP-Action-StateData (REG_SZ) =AppId=55c92734-d682-4d71-983e-d6ec3f16059f;GraceEndDate=2025/03/10:17:19:43;LastConsumptionReason=0x00000000;LastNotificationId=Cleanup;LicenseState=SL_LICENSING_STATUS_LICENSED;PartialProductKey=KHJW4;ProductKeyType=Volume:GVLK;SkuId=e272e3e2-732f-4c65-a8f0-484747d0d947;ruleId=379cccfb-d4e0-48fe-b0f2-0136097be147;uxDifferentiator=ENVIRONMENT;volumeActivationOrder=normal

Event[65]:
  Log Name: Application
  Source: Microsoft-Windows-Security-SPP
  Date: 2024-10-01T23:08:58.8510000Z
  Event ID: 12288
  Task: N/A
  Level: Information
  Opcode: N/A
  Keyword: Classic
  User: N/A
  User Name: N/A
  Computer: Raj
  Description: 
The client has sent an activation request to the key management service machine.
Info:
0xC0020017, 0x00000000, 0.0.0.0:1688, e86dcf56-e43c-468b-8840-cc63ef8d89fe, 2024/10/01 17:38, 0, 5, 0, fbdb3e18-a8ef-4fb3-9183-dffd60bd0984, 5

Event[66]:
  Log Name: Application
  Source: Microsoft-Windows-Security-SPP
  Date: 2024-10-01T23:08:58.8510000Z
  Event ID: 8233
  Task: N/A
  Level: Warning
  Opcode: N/A
  Keyword: Classic
  User: N/A
  User Name: N/A
  Computer: Raj
  Description: 
The rules engine reported a failed VL activation attempt.
Reason:0xC004F074
AppId = 0ff1ce15-a989-479d-af46-f275c6370663, SkuId = fbdb3e18-a8ef-4fb3-9183-dffd60bd0984
Trigger=UserLogon(1)

Event[67]:
  Log Name: Application
  Source: Microsoft-Windows-Security-SPP
  Date: 2024-10-01T23:09:05.8490000Z
  Event ID: 12288
  Task: N/A
  Level: Information
  Opcode: N/A
  Keyword: Classic
  User: N/A
  User Name: N/A
  Computer: Raj
  Description: 
The client has sent an activation request to the key management service machine.
Info:
0xC0020017, 0x00000000, 0.0.0.0:1688, e86dcf56-e43c-468b-8840-cc63ef8d89fe, 2024/10/01 17:38, 0, 2, 39667, aaea0dc8-78e1-4343-9f25-b69b83dd1bce, 5

Event[68]:
  Log Name: Application
  Source: Microsoft-Windows-Security-SPP
  Date: 2024-10-01T23:09:05.8490000Z
  Event ID: 8233
  Task: N/A
  Level: Warning
  Opcode: N/A
  Keyword: Classic
  User: N/A
  User Name: N/A
  Computer: Raj
  Description: 
The rules engine reported a failed VL activation attempt.
Reason:0xC004F074
AppId = 0ff1ce15-a989-479d-af46-f275c6370663, SkuId = aaea0dc8-78e1-4343-9f25-b69b83dd1bce
Trigger=UserLogon(1)

Event[69]:
  Log Name: Application
  Source: Microsoft-Windows-Security-SPP
  Date: 2024-10-01T23:09:12.7980000Z
  Event ID: 12288
  Task: N/A
  Level: Information
  Opcode: N/A
  Keyword: Classic
  User: N/A
  User Name: N/A
  Computer: Raj
  Description: 
The client has sent an activation request to the key management service machine.
Info:
0xC0020017, 0x00000000, 0.0.0.0:1688, e86dcf56-e43c-468b-8840-cc63ef8d89fe, 2024/10/01 17:39, 0, 2, 39667, fceda083-1203-402a-8ec4-3d7ed9f3648c, 5

Event[70]:
  Log Name: Application
  Source: Microsoft-Windows-Security-SPP
  Date: 2024-10-01T23:09:12.8130000Z
  Event ID: 8233
  Task: N/A
  Level: Warning
  Opcode: N/A
  Keyword: Classic
  User: N/A
  User Name: N/A
  Computer: Raj
  Description: 
The rules engine reported a failed VL activation attempt.
Reason:0xC004F074
AppId = 0ff1ce15-a989-479d-af46-f275c6370663, SkuId = fceda083-1203-402a-8ec4-3d7ed9f3648c
Trigger=UserLogon(1)

Event[71]:
  Log Name: Application
  Source: Microsoft-Windows-Security-SPP
  Date: 2024-10-01T23:09:24.3990000Z
  Event ID: 12288
  Task: N/A
  Level: Information
  Opcode: N/A
  Keyword: Classic
  User: N/A
  User Name: N/A
  Computer: Raj
  Description: 
The client has sent an activation request to the key management service machine.
Info:
0xC0020017, 0x00000000, 0.0.0.0:1688, e86dcf56-e43c-468b-8840-cc63ef8d89fe, 2024/10/01 17:39, 0, 2, 39667, 4ab4d849-aabc-43fb-87ee-3aed02518891, 5

Event[72]:
  Log Name: Application
  Source: Microsoft-Windows-Security-SPP
  Date: 2024-10-01T23:09:24.3990000Z
  Event ID: 8233
  Task: N/A
  Level: Warning
  Opcode: N/A
  Keyword: Classic
  User: N/A
  User Name: N/A
  Computer: Raj
  Description: 
The rules engine reported a failed VL activation attempt.
Reason:0xC004F074
AppId = 0ff1ce15-a989-479d-af46-f275c6370663, SkuId = 4ab4d849-aabc-43fb-87ee-3aed02518891
Trigger=UserLogon(1)

Event[73]:
  Log Name: Application
  Source: edgeupdate
  Date: 2024-10-01T23:09:52.4640000Z
  Event ID: 0
  Task: N/A
  Level: Information
  Opcode: Info
  Keyword: Classic
  User: N/A
  User Name: N/A
  Computer: Raj
  Description: 
Service stopped.

Event[74]:
  Log Name: Application
  Source: Microsoft-Windows-Security-SPP
  Date: 2024-10-01T23:10:06.6350000Z
  Event ID: 16384
  Task: N/A
  Level: Information
  Opcode: N/A
  Keyword: Classic
  User: N/A
  User Name: N/A
  Computer: Raj
  Description: 
Successfully scheduled Software Protection service for re-start at 2024-10-01T19:39:02Z. Reason: RulesEngine.

Event[75]:
  Log Name: Application
  Source: Microsoft-Windows-Security-SPP
  Date: 2024-10-01T23:10:06.9540000Z
  Event ID: 903
  Task: N/A
  Level: Information
  Opcode: N/A
  Keyword: Classic
  User: N/A
  User Name: N/A
  Computer: Raj
  Description: 
The Software Protection service has stopped.


Event[76]:
  Log Name: Application
  Source: Microsoft-Windows-Security-SPP
  Date: 2024-10-01T23:10:30.1330000Z
  Event ID: 900
  Task: N/A
  Level: Information
  Opcode: N/A
  Keyword: Classic
  User: N/A
  User Name: N/A
  Computer: Raj
  Description: 
The Software Protection service is starting.
Parameters:<explicit>

Event[77]:
  Log Name: Application
  Source: Microsoft-Windows-Security-SPP
  Date: 2024-10-01T23:10:30.3250000Z
  Event ID: 16394
  Task: N/A
  Level: Information
  Opcode: N/A
  Keyword: Classic
  User: N/A
  User Name: N/A
  Computer: Raj
  Description: 
Offline downlevel migration succeeded.

Event[78]:
  Log Name: Application
  Source: SecurityCenter
  Date: 2024-10-01T23:10:32.8950000Z
  Event ID: 1
  Task: N/A
  Level: Information
  Opcode: Info
  Keyword: Classic
  User: N/A
  User Name: N/A
  Computer: Raj
  Description: 
The Windows Security Center Service has started.

Event[79]:
  Log Name: Application
  Source: SecurityCenter
  Date: 2024-10-01T23:10:35.0110000Z
  Event ID: 15
  Task: N/A
  Level: Information
  Opcode: Info
  Keyword: Classic
  User: N/A
  User Name: N/A
  Computer: Raj
  Description: 
Updated Windows Defender status successfully to SECURITY_PRODUCT_STATE_ON.

Event[80]:
  Log Name: Application
  Source: Microsoft-Windows-Security-SPP
  Date: 2024-10-01T23:11:00.5160000Z
  Event ID: 16384
  Task: N/A
  Level: Information
  Opcode: N/A
  Keyword: Classic
  User: N/A
  User Name: N/A
  Computer: Raj
  Description: 
Successfully scheduled Software Protection service for re-start at 2024-10-01T19:39:00Z. Reason: RulesEngine.

Event[81]:
  Log Name: Application
  Source: Microsoft-Windows-Security-SPP
  Date: 2024-10-01T23:18:06.0260000Z
  Event ID: 16394
  Task: N/A
  Level: Information
  Opcode: N/A
  Keyword: Classic
  User: N/A
  User Name: N/A
  Computer: Raj
  Description: 
Offline downlevel migration succeeded.

Event[82]:
  Log Name: Application
  Source: Microsoft-Windows-Security-SPP
  Date: 2024-10-01T23:18:06.3520000Z
  Event ID: 1040
  Task: N/A
  Level: Information
  Opcode: N/A
  Keyword: Classic
  User: N/A
  User Name: N/A
  Computer: Raj
  Description: 
Hardware has changed from previous boot.
 AppId=55c92734-d682-4d71-983e-d6ec3f16059f, SkuId=e272e3e2-732f-4c65-a8f0-484747d0d947.

Event[83]:
  Log Name: Application
  Source: Microsoft-Windows-Security-SPP
  Date: 2024-10-01T23:18:36.6850000Z
  Event ID: 16384
  Task: N/A
  Level: Information
  Opcode: N/A
  Keyword: Classic
  User: N/A
  User Name: N/A
  Computer: Raj
  Description: 
Successfully scheduled Software Protection service for re-start at 2024-10-01T19:38:36Z. Reason: RulesEngine.

Event[84]:
  Log Name: Application
  Source: SecurityCenter
  Date: 2024-10-01T23:20:55.7340000Z
  Event ID: 15
  Task: N/A
  Level: Information
  Opcode: Info
  Keyword: Classic
  User: N/A
  User Name: N/A
  Computer: Raj
  Description: 
Updated Windows Defender status successfully to SECURITY_PRODUCT_STATE_ON.

Event[85]:
  Log Name: Application
  Source: igccservice
  Date: 2024-10-01T23:29:00.0320000Z
  Event ID: 0
  Task: N/A
  Level: Information
  Opcode: Info
  Keyword: Classic
  User: N/A
  User Name: N/A
  Computer: Raj
  Description: 
PowerEvent handled successfully by the service.

Event[86]:
  Log Name: Application
  Source: igccservice
  Date: 2024-10-01T23:50:10.2020000Z
  Event ID: 0
  Task: N/A
  Level: Information
  Opcode: Info
  Keyword: Classic
  User: N/A
  User Name: N/A
  Computer: Raj
  Description: 
PowerEvent handled successfully by the service.

Event[87]:
  Log Name: Application
  Source: Microsoft-Windows-Security-SPP
  Date: 2024-10-01T23:50:28.2840000Z
  Event ID: 16394
  Task: N/A
  Level: Information
  Opcode: N/A
  Keyword: Classic
  User: N/A
  User Name: N/A
  Computer: Raj
  Description: 
Offline downlevel migration succeeded.

Event[88]:
  Log Name: Application
  Source: ESENT
  Date: 2024-10-01T23:50:29.7670000Z
  Event ID: 102
  Task: General
  Level: Information
  Opcode: Info
  Keyword: Classic
  User: N/A
  User Name: N/A
  Computer: Raj
  Description: 
svchost (5536,P,98) DS_Token_DB: The database engine (10.00.19045.0000) is starting a new instance (0).

Event[89]:
  Log Name: Application
  Source: ESENT
  Date: 2024-10-01T23:50:30.9490000Z
  Event ID: 300
  Task: Logging/Recovery
  Level: Information
  Opcode: Info
  Keyword: Classic
  User: N/A
  User Name: N/A
  Computer: Raj
  Description: 
svchost (5536,R,98) DS_Token_DB: The database engine is initiating recovery steps.

Event[90]:
  Log Name: Application
  Source: ESENT
  Date: 2024-10-01T23:50:32.1820000Z
  Event ID: 301
  Task: Logging/Recovery
  Level: Information
  Opcode: Info
  Keyword: Classic
  User: N/A
  User Name: N/A
  Computer: Raj
  Description: 
svchost (5536,R,98) DS_Token_DB: The database engine has finished replaying logfile C:\Windows\system32\config\systemprofile\AppData\Local\DataSharing\Storage\DSS.log. 
 
Processing Stats: 
[1] 0.793036 -0.145417 (7) WT +J(CM:0, PgRf:0, Rd:0/0, Dy:0/0, Lg:20280/14) +M(C:0K, Fs:72, WS:216K # 164K, PF:148K # 84K, P:148K). 
Log record of type 'FWriteLog' was seen most frequently (2 times)

Event[91]:
  Log Name: Application
  Source: ESENT
  Date: 2024-10-01T23:50:36.1070000Z
  Event ID: 302
  Task: Logging/Recovery
  Level: Information
  Opcode: Info
  Keyword: Classic
  User: N/A
  User Name: N/A
  Computer: Raj
  Description: 
svchost (5536,U,98) DS_Token_DB: The database engine has successfully completed recovery steps.

Event[92]:
  Log Name: Application
  Source: SecurityCenter
  Date: 2024-10-01T23:50:36.3620000Z
  Event ID: 15
  Task: N/A
  Level: Information
  Opcode: Info
  Keyword: Classic
  User: N/A
  User Name: N/A
  Computer: Raj
  Description: 
Updated Windows Defender status successfully to SECURITY_PRODUCT_STATE_ON.

Event[93]:
  Log Name: Application
  Source: ESENT
  Date: 2024-10-01T23:50:36.6020000Z
  Event ID: 105
  Task: General
  Level: Information
  Opcode: Info
  Keyword: Classic
  User: N/A
  User Name: N/A
  Computer: Raj
  Description: 
svchost (5536,D,0) DS_Token_DB: The database engine started a new instance (0). (Time=6 seconds) 
 
Additional Data:
 lgposV2[] = 00000006:0001:0000 - 00000006:0005:0039 - 00000006:0006:0000 - 00000006:0006:0000 (00000000:0000:0000)
cReInits = 1
 
 
Internal Timing Sequence: 
[1] 0.019125 +J(0) +M(C:0K, Fs:241, WS:944K # 944K, PF:3468K # 3468K, P:3468K)
[2] 0.000326 +J(0) +M(C:8K, Fs:105, WS:416K # 416K, PF:336K # 336K, P:336K)
[3] 0.000015 +J(0) +M(C:0K, Fs:4, WS:16K # 16K, PF:64K # 64K, P:64K)
[4] 0.000098 +J(0) +M(C:0K, Fs:27, WS:104K # 104K, PF:168K # 168K, P:168K)
[5] 0.001303 +J(0) +M(C:0K, Fs:10, WS:40K # 40K, PF:24K # 24K, P:24K)
[6] 0.319307 +J(0) +M(C:0K, Fs:27, WS:108K # 108K, PF:16K # 16K, P:16K)
[7] 0.348694 -0.171165 (2) WT +J(0) +M(C:0K, Fs:30, WS:120K # 120K, PF:64K # 64K, P:64K)
[8] 1.745364 -0.502422 (11) WT +J(CM:0, PgRf:0, Rd:0/0, Dy:0/0, Lg:20280/14) +M(C:0K, Fs:137, WS:396K # 396K, PF:292K # 296K, P:292K)
[9] 0.001739 -0.000001 (1) WT +J(0) +M(C:0K, Fs:8, WS:32K # 32K, PF:0K # 0K, P:0K)
[10] 0.120769 -0.119742 (1) WT +J(0) +M(C:0K, Fs:11, WS:-16K # 44K, PF:-52K # 4K, P:-52K)
[11] 0.000032 +J(CM:0, PgRf:0, Rd:0/0, Dy:0/0, Lg:49/1) +M(C:0K, Fs:2, WS:8K # 0K, PF:0K # 0K, P:0K)
[12] 0.602666 -0.381231 (1) WT +J(0) +M(C:0K, Fs:1, WS:4K # 0K, PF:0K # 0K, P:0K)
[13] 3.581745 -0.147245 (2) CM -0.944171 (23) WT +J(CM:2, PgRf:2, Rd:0/2, Dy:0/0, Lg:8759/5) +M(C:0K, Fs:52, WS:88K # 104K, PF:160K # 168K, P:160K)
[14] 0.000021 +J(0)
[15] 0.000010 +J(0)
[16] 0.116958 -0.115844 (1) WT +J(0) +M(C:0K, Fs:2, WS:0K # 0K, PF:0K # 0K, P:0K).

Event[94]:
  Log Name: Application
  Source: ESENT
  Date: 2024-10-01T23:50:38.2150000Z
  Event ID: 326
  Task: General
  Level: Information
  Opcode: Info
  Keyword: Classic
  User: N/A
  User Name: N/A
  Computer: Raj
  Description: 
svchost (5536,D,50) DS_Token_DB: The database engine attached a database (1, C:\Windows\system32\config\systemprofile\AppData\Local\DataSharing\Storage\DSTokenDB2.dat). (Time=1 seconds) 
 
Saved Cache: 1 0 
Additional Data: lgposAttach = 00000006:0008:0268,
dbv = 1568.110.240 
 
Internal Timing Sequence: 
[1] 0.000007 +J(0)
[2] 0.107895 -0.106930 (1) WT +J(0) +M(C:0K, Fs:17, WS:4K # 12K, PF:4K # 0K, P:4K)
[3] 1.072424 -0.105708 (6) WT +J(CM:0, PgRf:0, Rd:0/0, Dy:0/0, Lg:3480/2) +M(C:0K, Fs:13, WS:48K # 0K, PF:44K # 0K, P:44K)
[4] 0.102118 +J(0)
[5] -
[6] -
[7] -
[8] 0.121580 -0.121348 (2) CM -0.121158 (2) WT +J(CM:2, PgRf:2, Rd:4/2, Dy:0/0, Lg:54/1) +M(C:8K, Fs:4, WS:16K # 0K, PF:28K # 8K, P:28K)
[9] 0.078645 -0.078357 (3) CM -0.078244 (3) WT +J(CM:3, PgRf:23, Rd:0/3, Dy:0/0, Lg:0/0) +M(C:0K, Fs:34, WS:124K # 124K, PF:252K # 252K, P:252K)
[10] 0.001327 -0.001082 (2) CM -0.000900 (2) WT +J(CM:2, PgRf:40, Rd:0/2, Dy:0/0, Lg:0/0) +M(C:0K, Fs:1, WS:4K # 4K, PF:64K # 64K, P:64K)
[11] 0.000028 +J(CM:0, PgRf:1, Rd:0/0, Dy:0/0, Lg:0/0) +M(C:0K, Fs:2, WS:8K # 8K, PF:0K # 0K, P:0K)
[12] 0.000065 +J(CM:0, PgRf:42, Rd:0/0, Dy:0/0, Lg:0/0) +M(C:0K, Fs:6, WS:24K # 24K, PF:0K # 0K, P:0K)
[13] 0.000001 +J(0)
[14] 0.0 +J(0)
[15] 0.000008 +J(CM:0, PgRf:1, Rd:0/0, Dy:0/0, Lg:0/0).

Event[95]:
  Log Name: Application
  Source: SecurityCenter
  Date: 2024-10-01T23:50:52.2140000Z
  Event ID: 15
  Task: N/A
  Level: Information
  Opcode: Info
  Keyword: Classic
  User: N/A
  User Name: N/A
  Computer: Raj
  Description: 
Updated Windows Defender status successfully to SECURITY_PRODUCT_STATE_ON.

Event[96]:
  Log Name: Application
  Source: Microsoft-Windows-Defrag
  Date: 2024-10-01T23:50:53.7970000Z
  Event ID: 264
  Task: N/A
  Level: Error
  Opcode: N/A
  Keyword: Classic
  User: N/A
  User Name: N/A
  Computer: Raj
  Description: 
The storage optimizer couldn't complete retrim on System Reserved because: The operation requested is not supported by the hardware backing the volume. (0x8900002A)

Event[97]:
  Log Name: Application
  Source: Microsoft-Windows-Defrag
  Date: 2024-10-01T23:50:53.8120000Z
  Event ID: 258
  Task: N/A
  Level: Information
  Opcode: Info
  Keyword: Classic
  User: N/A
  User Name: N/A
  Computer: Raj
  Description: 
The storage optimizer successfully completed defragmentation on System Reserved

Event[98]:
  Log Name: Application
  Source: SecurityCenter
  Date: 2024-10-01T23:51:22.1560000Z
  Event ID: 15
  Task: N/A
  Level: Information
  Opcode: Info
  Keyword: Classic
  User: N/A
  User Name: N/A
  Computer: Raj
  Description: 
Updated Windows Defender status successfully to SECURITY_PRODUCT_STATE_ON.

Event[99]:
  Log Name: Application
  Source: Microsoft-Windows-Security-SPP
  Date: 2024-10-01T23:51:25.1970000Z
  Event ID: 16384
  Task: N/A
  Level: Information
  Opcode: N/A
  Keyword: Classic
  User: N/A
  User Name: N/A
  Computer: Raj
  Description: 
Successfully scheduled Software Protection service for re-start at 2024-10-01T19:38:24Z. Reason: RulesEngine.



