Event[0]:
  Log Name: Security
  Source: Microsoft-Windows-Security-Auditing
  Date: 2025-02-24T21:30:52.9540000Z
  Event ID: 4738
  Task: User Account Management
  Level: Information
  Opcode: Info
  Keyword: Audit Success
  User: N/A
  User Name: N/A
  Computer: Raj
  Description: 
A user account was changed.

Subject:
	Security ID:		S-1-5-18
	Account Name:		RAJ$
	Account Domain:		WORKGROUP
	Logon ID:		0x3E7

Target Account:
	Security ID:		S-1-5-21-2083258646-760213971-1639388674-1001
	Account Name:		hiihi
	Account Domain:		RAJ

Changed Attributes:
	SAM Account Name:	-
	Display Name:		RAJ DUBEY
	User Principal Name:	-
	Home Directory:		-
	Home Drive:		-
	Script Path:		-
	Profile Path:		-
	User Workstations:	-
	Password Last Set:	-
	Account Expires:		-
	Primary Group ID:	-
	AllowedToDelegateTo:	-
	Old UAC Value:		-
	New UAC Value:		-
	User Account Control:	-
	User Parameters:	-
	SID History:		-
	Logon Hours:		-

Additional Information:
	Privileges:		-

Event[1]:
  Log Name: Security
  Source: Microsoft-Windows-Security-Auditing
  Date: 2025-02-24T21:30:52.9570000Z
  Event ID: 4648
  Task: Logon
  Level: Information
  Opcode: Info
  Keyword: Audit Success
  User: N/A
  User Name: N/A
  Computer: Raj
  Description: 
A logon was attempted using explicit credentials.

Subject:
	Security ID:		S-1-5-18
	Account Name:		RAJ$
	Account Domain:		WORKGROUP
	Logon ID:		0x3E7
	Logon GUID:		{00000000-0000-0000-0000-000000000000}

Account Whose Credentials Were Used:
	Account Name:		hiihii730@yahoo.com
	Account Domain:		MicrosoftAccount
	Logon GUID:		{00000000-0000-0000-0000-000000000000}

Target Server:
	Target Server Name:	localhost
	Additional Information:	localhost

Process Information:
	Process ID:		0x630
	Process Name:		C:\Windows\System32\svchost.exe

Network Information:
	Network Address:	127.0.0.1
	Port:			0

This event is generated when a process attempts to log on an account by explicitly specifying that accountÆs credentials.  This most commonly occurs in batch-type configurations such as scheduled tasks, or when using the RUNAS command.

Event[2]:
  Log Name: Security
  Source: Microsoft-Windows-Security-Auditing
  Date: 2025-02-24T21:30:52.9570000Z
  Event ID: 4624
  Task: Logon
  Level: Information
  Opcode: Info
  Keyword: Audit Success
  User: N/A
  User Name: N/A
  Computer: Raj
  Description: 
An account was successfully logged on.

Subject:
	Security ID:		S-1-5-18
	Account Name:		RAJ$
	Account Domain:		WORKGROUP
	Logon ID:		0x3E7

Logon Information:
	Logon Type:		11
	Restricted Admin Mode:	-
	Virtual Account:		No
	Elevated Token:		Yes

Impersonation Level:		Impersonation

New Logon:
	Security ID:		S-1-5-21-2083258646-760213971-1639388674-1001
	Account Name:		hiihii730@yahoo.com
	Account Domain:		MicrosoftAccount
	Logon ID:		0x1255EE
	Linked Logon ID:		0x125633
	Network Account Name:	-
	Network Account Domain:	-
	Logon GUID:		{00000000-0000-0000-0000-000000000000}

Process Information:
	Process ID:		0x630
	Process Name:		C:\Windows\System32\svchost.exe

Network Information:
	Workstation Name:	RAJ
	Source Network Address:	127.0.0.1
	Source Port:		0

Detailed Authentication Information:
	Logon Process:		User32 
	Authentication Package:	Negotiate
	Transited Services:	-
	Package Name (NTLM only):	-
	Key Length:		0

This event is generated when a logon session is created. It is generated on the computer that was accessed.

The subject fields indicate the account on the local system which requested the logon. This is most commonly a service such as the Server service, or a local process such as Winlogon.exe or Services.exe.

The logon type field indicates the kind of logon that occurred. The most common types are 2 (interactive) and 3 (network).

The New Logon fields indicate the account for whom the new logon was created, i.e. the account that was logged on.

The network fields indicate where a remote logon request originated. Workstation name is not always available and may be left blank in some cases.

The impersonation level field indicates the extent to which a process in the logon session can impersonate.

The authentication information fields provide detailed information about this specific logon request.
	- Logon GUID is a unique identifier that can be used to correlate this event with a KDC event.
	- Transited services indicate which intermediate services have participated in this logon request.
	- Package name indicates which sub-protocol was used among the NTLM protocols.
	- Key length indicates the length of the generated session key. This will be 0 if no session key was requested.

Event[3]:
  Log Name: Security
  Source: Microsoft-Windows-Security-Auditing
  Date: 2025-02-24T21:30:52.9570000Z
  Event ID: 4624
  Task: Logon
  Level: Information
  Opcode: Info
  Keyword: Audit Success
  User: N/A
  User Name: N/A
  Computer: Raj
  Description: 
An account was successfully logged on.

Subject:
	Security ID:		S-1-5-18
	Account Name:		RAJ$
	Account Domain:		WORKGROUP
	Logon ID:		0x3E7

Logon Information:
	Logon Type:		11
	Restricted Admin Mode:	-
	Virtual Account:		No
	Elevated Token:		No

Impersonation Level:		Impersonation

New Logon:
	Security ID:		S-1-5-21-2083258646-760213971-1639388674-1001
	Account Name:		hiihii730@yahoo.com
	Account Domain:		MicrosoftAccount
	Logon ID:		0x125633
	Linked Logon ID:		0x1255EE
	Network Account Name:	-
	Network Account Domain:	-
	Logon GUID:		{00000000-0000-0000-0000-000000000000}

Process Information:
	Process ID:		0x630
	Process Name:		C:\Windows\System32\svchost.exe

Network Information:
	Workstation Name:	RAJ
	Source Network Address:	127.0.0.1
	Source Port:		0

Detailed Authentication Information:
	Logon Process:		User32 
	Authentication Package:	Negotiate
	Transited Services:	-
	Package Name (NTLM only):	-
	Key Length:		0

This event is generated when a logon session is created. It is generated on the computer that was accessed.

The subject fields indicate the account on the local system which requested the logon. This is most commonly a service such as the Server service, or a local process such as Winlogon.exe or Services.exe.

The logon type field indicates the kind of logon that occurred. The most common types are 2 (interactive) and 3 (network).

The New Logon fields indicate the account for whom the new logon was created, i.e. the account that was logged on.

The network fields indicate where a remote logon request originated. Workstation name is not always available and may be left blank in some cases.

The impersonation level field indicates the extent to which a process in the logon session can impersonate.

The authentication information fields provide detailed information about this specific logon request.
	- Logon GUID is a unique identifier that can be used to correlate this event with a KDC event.
	- Transited services indicate which intermediate services have participated in this logon request.
	- Package name indicates which sub-protocol was used among the NTLM protocols.
	- Key length indicates the length of the generated session key. This will be 0 if no session key was requested.

Event[4]:
  Log Name: Security
  Source: Microsoft-Windows-Security-Auditing
  Date: 2025-02-24T21:30:52.9570000Z
  Event ID: 4672
  Task: Special Logon
  Level: Information
  Opcode: Info
  Keyword: Audit Success
  User: N/A
  User Name: N/A
  Computer: Raj
  Description: 
Special privileges assigned to new logon.

Subject:
	Security ID:		S-1-5-21-2083258646-760213971-1639388674-1001
	Account Name:		hiihii730@yahoo.com
	Account Domain:		MicrosoftAccount
	Logon ID:		0x1255EE

Privileges:		SeSecurityPrivilege
			SeTakeOwnershipPrivilege
			SeLoadDriverPrivilege
			SeBackupPrivilege
			SeRestorePrivilege
			SeDebugPrivilege
			SeSystemEnvironmentPrivilege
			SeImpersonatePrivilege
			SeDelegateSessionUserImpersonatePrivilege

Event[5]:
  Log Name: Security
  Source: Microsoft-Windows-Security-Auditing
  Date: 2025-02-24T21:30:52.9620000Z
  Event ID: 5059
  Task: Other System Events
  Level: Information
  Opcode: Info
  Keyword: Audit Success
  User: N/A
  User Name: N/A
  Computer: Raj
  Description: 
Key migration operation.

Subject:
	Security ID:		S-1-5-19
	Account Name:		LOCAL SERVICE
	Account Domain:		NT AUTHORITY
	Logon ID:		0x3E5

Process Information:
	Process ID:		8976
	Process Creation Time:	?2025?-?02?-?24T16:00:46.451740400Z

Cryptographic Parameters:
	Provider Name:	Microsoft Software Key Storage Provider
	Algorithm Name:	RSA
	Key Name:	{D671A9C4-8669-4514-B7BA-73A15F5B1D53}
	Key Type:	User key.

Additional Information:
	Operation:	Export of persistent cryptographic key.
	Return Code:	0x0

Event[6]:
  Log Name: Security
  Source: Microsoft-Windows-Security-Auditing
  Date: 2025-02-24T21:30:52.9630000Z
  Event ID: 5059
  Task: Other System Events
  Level: Information
  Opcode: Info
  Keyword: Audit Success
  User: N/A
  User Name: N/A
  Computer: Raj
  Description: 
Key migration operation.

Subject:
	Security ID:		S-1-5-19
	Account Name:		LOCAL SERVICE
	Account Domain:		NT AUTHORITY
	Logon ID:		0x3E5

Process Information:
	Process ID:		8976
	Process Creation Time:	?2025?-?02?-?24T16:00:46.451740400Z

Cryptographic Parameters:
	Provider Name:	Microsoft Software Key Storage Provider
	Algorithm Name:	RSA
	Key Name:	{D671A9C4-8669-4514-B7BA-73A15F5B1D53}
	Key Type:	User key.

Additional Information:
	Operation:	Export of persistent cryptographic key.
	Return Code:	0x0

Event[7]:
  Log Name: Security
  Source: Microsoft-Windows-Security-Auditing
  Date: 2025-02-24T21:30:53.0000000Z
  Event ID: 4738
  Task: User Account Management
  Level: Information
  Opcode: Info
  Keyword: Audit Success
  User: N/A
  User Name: N/A
  Computer: Raj
  Description: 
A user account was changed.

Subject:
	Security ID:		S-1-5-18
	Account Name:		RAJ$
	Account Domain:		WORKGROUP
	Logon ID:		0x3E7

Target Account:
	Security ID:		S-1-5-21-2083258646-760213971-1639388674-1001
	Account Name:		hiihi
	Account Domain:		RAJ

Changed Attributes:
	SAM Account Name:	-
	Display Name:		RAJ DUBEY
	User Principal Name:	-
	Home Directory:		-
	Home Drive:		-
	Script Path:		-
	Profile Path:		-
	User Workstations:	-
	Password Last Set:	-
	Account Expires:		-
	Primary Group ID:	-
	AllowedToDelegateTo:	-
	Old UAC Value:		-
	New UAC Value:		-
	User Account Control:	-
	User Parameters:	-
	SID History:		-
	Logon Hours:		-

Additional Information:
	Privileges:		-

Event[8]:
  Log Name: Security
  Source: Microsoft-Windows-Security-Auditing
  Date: 2025-02-24T21:30:53.0030000Z
  Event ID: 4648
  Task: Logon
  Level: Information
  Opcode: Info
  Keyword: Audit Success
  User: N/A
  User Name: N/A
  Computer: Raj
  Description: 
A logon was attempted using explicit credentials.

Subject:
	Security ID:		S-1-5-18
	Account Name:		RAJ$
	Account Domain:		WORKGROUP
	Logon ID:		0x3E7
	Logon GUID:		{00000000-0000-0000-0000-000000000000}

Account Whose Credentials Were Used:
	Account Name:		hiihii730@yahoo.com
	Account Domain:		MicrosoftAccount
	Logon GUID:		{00000000-0000-0000-0000-000000000000}

Target Server:
	Target Server Name:	localhost
	Additional Information:	localhost

Process Information:
	Process ID:		0x328
	Process Name:		C:\Windows\System32\lsass.exe

Network Information:
	Network Address:	-
	Port:			-

This event is generated when a process attempts to log on an account by explicitly specifying that accountÆs credentials.  This most commonly occurs in batch-type configurations such as scheduled tasks, or when using the RUNAS command.

Event[9]:
  Log Name: Security
  Source: Microsoft-Windows-Security-Auditing
  Date: 2025-02-24T21:30:53.0030000Z
  Event ID: 4624
  Task: Logon
  Level: Information
  Opcode: Info
  Keyword: Audit Success
  User: N/A
  User Name: N/A
  Computer: Raj
  Description: 
An account was successfully logged on.

Subject:
	Security ID:		S-1-5-18
	Account Name:		RAJ$
	Account Domain:		WORKGROUP
	Logon ID:		0x3E7

Logon Information:
	Logon Type:		7
	Restricted Admin Mode:	-
	Virtual Account:		No
	Elevated Token:		Yes

Impersonation Level:		Impersonation

New Logon:
	Security ID:		S-1-5-21-2083258646-760213971-1639388674-1001
	Account Name:		hiihii730@yahoo.com
	Account Domain:		MicrosoftAccount
	Logon ID:		0x12589D
	Linked Logon ID:		0x125906
	Network Account Name:	-
	Network Account Domain:	-
	Logon GUID:		{00000000-0000-0000-0000-000000000000}

Process Information:
	Process ID:		0x328
	Process Name:		C:\Windows\System32\lsass.exe

Network Information:
	Workstation Name:	RAJ
	Source Network Address:	-
	Source Port:		-

Detailed Authentication Information:
	Logon Process:		Negotiat
	Authentication Package:	Negotiate
	Transited Services:	-
	Package Name (NTLM only):	-
	Key Length:		0

This event is generated when a logon session is created. It is generated on the computer that was accessed.

The subject fields indicate the account on the local system which requested the logon. This is most commonly a service such as the Server service, or a local process such as Winlogon.exe or Services.exe.

The logon type field indicates the kind of logon that occurred. The most common types are 2 (interactive) and 3 (network).

The New Logon fields indicate the account for whom the new logon was created, i.e. the account that was logged on.

The network fields indicate where a remote logon request originated. Workstation name is not always available and may be left blank in some cases.

The impersonation level field indicates the extent to which a process in the logon session can impersonate.

The authentication information fields provide detailed information about this specific logon request.
	- Logon GUID is a unique identifier that can be used to correlate this event with a KDC event.
	- Transited services indicate which intermediate services have participated in this logon request.
	- Package name indicates which sub-protocol was used among the NTLM protocols.
	- Key length indicates the length of the generated session key. This will be 0 if no session key was requested.

Event[10]:
  Log Name: Security
  Source: Microsoft-Windows-Security-Auditing
  Date: 2025-02-24T21:30:53.0030000Z
  Event ID: 4624
  Task: Logon
  Level: Information
  Opcode: Info
  Keyword: Audit Success
  User: N/A
  User Name: N/A
  Computer: Raj
  Description: 
An account was successfully logged on.

Subject:
	Security ID:		S-1-5-18
	Account Name:		RAJ$
	Account Domain:		WORKGROUP
	Logon ID:		0x3E7

Logon Information:
	Logon Type:		7
	Restricted Admin Mode:	-
	Virtual Account:		No
	Elevated Token:		No

Impersonation Level:		Impersonation

New Logon:
	Security ID:		S-1-5-21-2083258646-760213971-1639388674-1001
	Account Name:		hiihii730@yahoo.com
	Account Domain:		MicrosoftAccount
	Logon ID:		0x125906
	Linked Logon ID:		0x12589D
	Network Account Name:	-
	Network Account Domain:	-
	Logon GUID:		{00000000-0000-0000-0000-000000000000}

Process Information:
	Process ID:		0x328
	Process Name:		C:\Windows\System32\lsass.exe

Network Information:
	Workstation Name:	RAJ
	Source Network Address:	-
	Source Port:		-

Detailed Authentication Information:
	Logon Process:		Negotiat
	Authentication Package:	Negotiate
	Transited Services:	-
	Package Name (NTLM only):	-
	Key Length:		0

This event is generated when a logon session is created. It is generated on the computer that was accessed.

The subject fields indicate the account on the local system which requested the logon. This is most commonly a service such as the Server service, or a local process such as Winlogon.exe or Services.exe.

The logon type field indicates the kind of logon that occurred. The most common types are 2 (interactive) and 3 (network).

The New Logon fields indicate the account for whom the new logon was created, i.e. the account that was logged on.

The network fields indicate where a remote logon request originated. Workstation name is not always available and may be left blank in some cases.

The impersonation level field indicates the extent to which a process in the logon session can impersonate.

The authentication information fields provide detailed information about this specific logon request.
	- Logon GUID is a unique identifier that can be used to correlate this event with a KDC event.
	- Transited services indicate which intermediate services have participated in this logon request.
	- Package name indicates which sub-protocol was used among the NTLM protocols.
	- Key length indicates the length of the generated session key. This will be 0 if no session key was requested.

Event[11]:
  Log Name: Security
  Source: Microsoft-Windows-Security-Auditing
  Date: 2025-02-24T21:30:53.0030000Z
  Event ID: 4672
  Task: Special Logon
  Level: Information
  Opcode: Info
  Keyword: Audit Success
  User: N/A
  User Name: N/A
  Computer: Raj
  Description: 
Special privileges assigned to new logon.

Subject:
	Security ID:		S-1-5-21-2083258646-760213971-1639388674-1001
	Account Name:		hiihii730@yahoo.com
	Account Domain:		MicrosoftAccount
	Logon ID:		0x12589D

Privileges:		SeSecurityPrivilege
			SeTakeOwnershipPrivilege
			SeLoadDriverPrivilege
			SeBackupPrivilege
			SeRestorePrivilege
			SeDebugPrivilege
			SeSystemEnvironmentPrivilege
			SeImpersonatePrivilege
			SeDelegateSessionUserImpersonatePrivilege

Event[12]:
  Log Name: Security
  Source: Microsoft-Windows-Security-Auditing
  Date: 2025-02-24T21:30:53.0030000Z
  Event ID: 4634
  Task: Logoff
  Level: Information
  Opcode: Info
  Keyword: Audit Success
  User: N/A
  User Name: N/A
  Computer: Raj
  Description: 
An account was logged off.

Subject:
	Security ID:		S-1-5-21-2083258646-760213971-1639388674-1001
	Account Name:		hiihi
	Account Domain:		RAJ
	Logon ID:		0x125906

Logon Type:			7

This event is generated when a logon session is destroyed. It may be positively correlated with a logon event using the Logon ID value. Logon IDs are only unique between reboots on the same computer.

Event[13]:
  Log Name: Security
  Source: Microsoft-Windows-Security-Auditing
  Date: 2025-02-24T21:30:53.0030000Z
  Event ID: 4634
  Task: Logoff
  Level: Information
  Opcode: Info
  Keyword: Audit Success
  User: N/A
  User Name: N/A
  Computer: Raj
  Description: 
An account was logged off.

Subject:
	Security ID:		S-1-5-21-2083258646-760213971-1639388674-1001
	Account Name:		hiihi
	Account Domain:		RAJ
	Logon ID:		0x125633

Logon Type:			2

This event is generated when a logon session is destroyed. It may be positively correlated with a logon event using the Logon ID value. Logon IDs are only unique between reboots on the same computer.

Event[14]:
  Log Name: Security
  Source: Microsoft-Windows-Security-Auditing
  Date: 2025-02-24T21:30:53.0300000Z
  Event ID: 4634
  Task: Logoff
  Level: Information
  Opcode: Info
  Keyword: Audit Success
  User: N/A
  User Name: N/A
  Computer: Raj
  Description: 
An account was logged off.

Subject:
	Security ID:		S-1-5-21-2083258646-760213971-1639388674-1001
	Account Name:		hiihi
	Account Domain:		RAJ
	Logon ID:		0x12589D

Logon Type:			7

This event is generated when a logon session is destroyed. It may be positively correlated with a logon event using the Logon ID value. Logon IDs are only unique between reboots on the same computer.

Event[15]:
  Log Name: Security
  Source: Microsoft-Windows-Security-Auditing
  Date: 2025-02-24T21:30:53.0300000Z
  Event ID: 4634
  Task: Logoff
  Level: Information
  Opcode: Info
  Keyword: Audit Success
  User: N/A
  User Name: N/A
  Computer: Raj
  Description: 
An account was logged off.

Subject:
	Security ID:		S-1-5-21-2083258646-760213971-1639388674-1001
	Account Name:		hiihi
	Account Domain:		RAJ
	Logon ID:		0x1255EE

Logon Type:			2

This event is generated when a logon session is destroyed. It may be positively correlated with a logon event using the Logon ID value. Logon IDs are only unique between reboots on the same computer.

Event[16]:
  Log Name: Security
  Source: Microsoft-Windows-Security-Auditing
  Date: 2025-02-24T21:30:53.0730000Z
  Event ID: 5382
  Task: User Account Management
  Level: Information
  Opcode: Info
  Keyword: Audit Success
  User: N/A
  User Name: N/A
  Computer: Raj
  Description: 
Vault credentials were read.

Subject:
	Security ID:		S-1-5-18
	Account Name:		RAJ$
	Account Domain:		WORKGROUP
	Logon ID:		0x3E7

This event occurs when a user reads a stored vault credential.

Event[17]:
  Log Name: Security
  Source: Microsoft-Windows-Security-Auditing
  Date: 2025-02-24T21:30:53.0800000Z
  Event ID: 5382
  Task: User Account Management
  Level: Information
  Opcode: Info
  Keyword: Audit Success
  User: N/A
  User Name: N/A
  Computer: Raj
  Description: 
Vault credentials were read.

Subject:
	Security ID:		S-1-5-18
	Account Name:		RAJ$
	Account Domain:		WORKGROUP
	Logon ID:		0x3E7

This event occurs when a user reads a stored vault credential.

Event[18]:
  Log Name: Security
  Source: Microsoft-Windows-Security-Auditing
  Date: 2025-02-24T21:32:14.6290000Z
  Event ID: 4624
  Task: Logon
  Level: Information
  Opcode: Info
  Keyword: Audit Success
  User: N/A
  User Name: N/A
  Computer: Raj
  Description: 
An account was successfully logged on.

Subject:
	Security ID:		S-1-5-18
	Account Name:		RAJ$
	Account Domain:		WORKGROUP
	Logon ID:		0x3E7

Logon Information:
	Logon Type:		5
	Restricted Admin Mode:	-
	Virtual Account:		No
	Elevated Token:		Yes

Impersonation Level:		Impersonation

New Logon:
	Security ID:		S-1-5-18
	Account Name:		SYSTEM
	Account Domain:		NT AUTHORITY
	Logon ID:		0x3E7
	Linked Logon ID:		0x0
	Network Account Name:	-
	Network Account Domain:	-
	Logon GUID:		{00000000-0000-0000-0000-000000000000}

Process Information:
	Process ID:		0x314
	Process Name:		C:\Windows\System32\services.exe

Network Information:
	Workstation Name:	-
	Source Network Address:	-
	Source Port:		-

Detailed Authentication Information:
	Logon Process:		Advapi  
	Authentication Package:	Negotiate
	Transited Services:	-
	Package Name (NTLM only):	-
	Key Length:		0

This event is generated when a logon session is created. It is generated on the computer that was accessed.

The subject fields indicate the account on the local system which requested the logon. This is most commonly a service such as the Server service, or a local process such as Winlogon.exe or Services.exe.

The logon type field indicates the kind of logon that occurred. The most common types are 2 (interactive) and 3 (network).

The New Logon fields indicate the account for whom the new logon was created, i.e. the account that was logged on.

The network fields indicate where a remote logon request originated. Workstation name is not always available and may be left blank in some cases.

The impersonation level field indicates the extent to which a process in the logon session can impersonate.

The authentication information fields provide detailed information about this specific logon request.
	- Logon GUID is a unique identifier that can be used to correlate this event with a KDC event.
	- Transited services indicate which intermediate services have participated in this logon request.
	- Package name indicates which sub-protocol was used among the NTLM protocols.
	- Key length indicates the length of the generated session key. This will be 0 if no session key was requested.

Event[19]:
  Log Name: Security
  Source: Microsoft-Windows-Security-Auditing
  Date: 2025-02-24T21:32:14.6290000Z
  Event ID: 4672
  Task: Special Logon
  Level: Information
  Opcode: Info
  Keyword: Audit Success
  User: N/A
  User Name: N/A
  Computer: Raj
  Description: 
Special privileges assigned to new logon.

Subject:
	Security ID:		S-1-5-18
	Account Name:		SYSTEM
	Account Domain:		NT AUTHORITY
	Logon ID:		0x3E7

Privileges:		SeAssignPrimaryTokenPrivilege
			SeTcbPrivilege
			SeSecurityPrivilege
			SeTakeOwnershipPrivilege
			SeLoadDriverPrivilege
			SeBackupPrivilege
			SeRestorePrivilege
			SeDebugPrivilege
			SeAuditPrivilege
			SeSystemEnvironmentPrivilege
			SeImpersonatePrivilege
			SeDelegateSessionUserImpersonatePrivilege

Event[20]:
  Log Name: Security
  Source: Microsoft-Windows-Security-Auditing
  Date: 2025-02-24T21:34:53.8970000Z
  Event ID: 4624
  Task: Logon
  Level: Information
  Opcode: Info
  Keyword: Audit Success
  User: N/A
  User Name: N/A
  Computer: Raj
  Description: 
An account was successfully logged on.

Subject:
	Security ID:		S-1-5-18
	Account Name:		RAJ$
	Account Domain:		WORKGROUP
	Logon ID:		0x3E7

Logon Information:
	Logon Type:		5
	Restricted Admin Mode:	-
	Virtual Account:		No
	Elevated Token:		Yes

Impersonation Level:		Impersonation

New Logon:
	Security ID:		S-1-5-18
	Account Name:		SYSTEM
	Account Domain:		NT AUTHORITY
	Logon ID:		0x3E7
	Linked Logon ID:		0x0
	Network Account Name:	-
	Network Account Domain:	-
	Logon GUID:		{00000000-0000-0000-0000-000000000000}

Process Information:
	Process ID:		0x314
	Process Name:		C:\Windows\System32\services.exe

Network Information:
	Workstation Name:	-
	Source Network Address:	-
	Source Port:		-

Detailed Authentication Information:
	Logon Process:		Advapi  
	Authentication Package:	Negotiate
	Transited Services:	-
	Package Name (NTLM only):	-
	Key Length:		0

This event is generated when a logon session is created. It is generated on the computer that was accessed.

The subject fields indicate the account on the local system which requested the logon. This is most commonly a service such as the Server service, or a local process such as Winlogon.exe or Services.exe.

The logon type field indicates the kind of logon that occurred. The most common types are 2 (interactive) and 3 (network).

The New Logon fields indicate the account for whom the new logon was created, i.e. the account that was logged on.

The network fields indicate where a remote logon request originated. Workstation name is not always available and may be left blank in some cases.

The impersonation level field indicates the extent to which a process in the logon session can impersonate.

The authentication information fields provide detailed information about this specific logon request.
	- Logon GUID is a unique identifier that can be used to correlate this event with a KDC event.
	- Transited services indicate which intermediate services have participated in this logon request.
	- Package name indicates which sub-protocol was used among the NTLM protocols.
	- Key length indicates the length of the generated session key. This will be 0 if no session key was requested.

Event[21]:
  Log Name: Security
  Source: Microsoft-Windows-Security-Auditing
  Date: 2025-02-24T21:34:53.8970000Z
  Event ID: 4672
  Task: Special Logon
  Level: Information
  Opcode: Info
  Keyword: Audit Success
  User: N/A
  User Name: N/A
  Computer: Raj
  Description: 
Special privileges assigned to new logon.

Subject:
	Security ID:		S-1-5-18
	Account Name:		SYSTEM
	Account Domain:		NT AUTHORITY
	Logon ID:		0x3E7

Privileges:		SeAssignPrimaryTokenPrivilege
			SeTcbPrivilege
			SeSecurityPrivilege
			SeTakeOwnershipPrivilege
			SeLoadDriverPrivilege
			SeBackupPrivilege
			SeRestorePrivilege
			SeDebugPrivilege
			SeAuditPrivilege
			SeSystemEnvironmentPrivilege
			SeImpersonatePrivilege
			SeDelegateSessionUserImpersonatePrivilege

Event[22]:
  Log Name: Security
  Source: Microsoft-Windows-Security-Auditing
  Date: 2025-02-24T21:35:46.3410000Z
  Event ID: 4624
  Task: Logon
  Level: Information
  Opcode: Info
  Keyword: Audit Success
  User: N/A
  User Name: N/A
  Computer: Raj
  Description: 
An account was successfully logged on.

Subject:
	Security ID:		S-1-5-18
	Account Name:		RAJ$
	Account Domain:		WORKGROUP
	Logon ID:		0x3E7

Logon Information:
	Logon Type:		5
	Restricted Admin Mode:	-
	Virtual Account:		No
	Elevated Token:		Yes

Impersonation Level:		Impersonation

New Logon:
	Security ID:		S-1-5-18
	Account Name:		SYSTEM
	Account Domain:		NT AUTHORITY
	Logon ID:		0x3E7
	Linked Logon ID:		0x0
	Network Account Name:	-
	Network Account Domain:	-
	Logon GUID:		{00000000-0000-0000-0000-000000000000}

Process Information:
	Process ID:		0x314
	Process Name:		C:\Windows\System32\services.exe

Network Information:
	Workstation Name:	-
	Source Network Address:	-
	Source Port:		-

Detailed Authentication Information:
	Logon Process:		Advapi  
	Authentication Package:	Negotiate
	Transited Services:	-
	Package Name (NTLM only):	-
	Key Length:		0

This event is generated when a logon session is created. It is generated on the computer that was accessed.

The subject fields indicate the account on the local system which requested the logon. This is most commonly a service such as the Server service, or a local process such as Winlogon.exe or Services.exe.

The logon type field indicates the kind of logon that occurred. The most common types are 2 (interactive) and 3 (network).

The New Logon fields indicate the account for whom the new logon was created, i.e. the account that was logged on.

The network fields indicate where a remote logon request originated. Workstation name is not always available and may be left blank in some cases.

The impersonation level field indicates the extent to which a process in the logon session can impersonate.

The authentication information fields provide detailed information about this specific logon request.
	- Logon GUID is a unique identifier that can be used to correlate this event with a KDC event.
	- Transited services indicate which intermediate services have participated in this logon request.
	- Package name indicates which sub-protocol was used among the NTLM protocols.
	- Key length indicates the length of the generated session key. This will be 0 if no session key was requested.

Event[23]:
  Log Name: Security
  Source: Microsoft-Windows-Security-Auditing
  Date: 2025-02-24T21:35:46.3410000Z
  Event ID: 4672
  Task: Special Logon
  Level: Information
  Opcode: Info
  Keyword: Audit Success
  User: N/A
  User Name: N/A
  Computer: Raj
  Description: 
Special privileges assigned to new logon.

Subject:
	Security ID:		S-1-5-18
	Account Name:		SYSTEM
	Account Domain:		NT AUTHORITY
	Logon ID:		0x3E7

Privileges:		SeAssignPrimaryTokenPrivilege
			SeTcbPrivilege
			SeSecurityPrivilege
			SeTakeOwnershipPrivilege
			SeLoadDriverPrivilege
			SeBackupPrivilege
			SeRestorePrivilege
			SeDebugPrivilege
			SeAuditPrivilege
			SeSystemEnvironmentPrivilege
			SeImpersonatePrivilege
			SeDelegateSessionUserImpersonatePrivilege

Event[24]:
  Log Name: Security
  Source: Microsoft-Windows-Security-Auditing
  Date: 2025-02-24T21:35:57.8330000Z
  Event ID: 4624
  Task: Logon
  Level: Information
  Opcode: Info
  Keyword: Audit Success
  User: N/A
  User Name: N/A
  Computer: Raj
  Description: 
An account was successfully logged on.

Subject:
	Security ID:		S-1-5-18
	Account Name:		RAJ$
	Account Domain:		WORKGROUP
	Logon ID:		0x3E7

Logon Information:
	Logon Type:		5
	Restricted Admin Mode:	-
	Virtual Account:		No
	Elevated Token:		Yes

Impersonation Level:		Impersonation

New Logon:
	Security ID:		S-1-5-18
	Account Name:		SYSTEM
	Account Domain:		NT AUTHORITY
	Logon ID:		0x3E7
	Linked Logon ID:		0x0
	Network Account Name:	-
	Network Account Domain:	-
	Logon GUID:		{00000000-0000-0000-0000-000000000000}

Process Information:
	Process ID:		0x314
	Process Name:		C:\Windows\System32\services.exe

Network Information:
	Workstation Name:	-
	Source Network Address:	-
	Source Port:		-

Detailed Authentication Information:
	Logon Process:		Advapi  
	Authentication Package:	Negotiate
	Transited Services:	-
	Package Name (NTLM only):	-
	Key Length:		0

This event is generated when a logon session is created. It is generated on the computer that was accessed.

The subject fields indicate the account on the local system which requested the logon. This is most commonly a service such as the Server service, or a local process such as Winlogon.exe or Services.exe.

The logon type field indicates the kind of logon that occurred. The most common types are 2 (interactive) and 3 (network).

The New Logon fields indicate the account for whom the new logon was created, i.e. the account that was logged on.

The network fields indicate where a remote logon request originated. Workstation name is not always available and may be left blank in some cases.

The impersonation level field indicates the extent to which a process in the logon session can impersonate.

The authentication information fields provide detailed information about this specific logon request.
	- Logon GUID is a unique identifier that can be used to correlate this event with a KDC event.
	- Transited services indicate which intermediate services have participated in this logon request.
	- Package name indicates which sub-protocol was used among the NTLM protocols.
	- Key length indicates the length of the generated session key. This will be 0 if no session key was requested.

Event[25]:
  Log Name: Security
  Source: Microsoft-Windows-Security-Auditing
  Date: 2025-02-24T21:35:57.8330000Z
  Event ID: 4672
  Task: Special Logon
  Level: Information
  Opcode: Info
  Keyword: Audit Success
  User: N/A
  User Name: N/A
  Computer: Raj
  Description: 
Special privileges assigned to new logon.

Subject:
	Security ID:		S-1-5-18
	Account Name:		SYSTEM
	Account Domain:		NT AUTHORITY
	Logon ID:		0x3E7

Privileges:		SeAssignPrimaryTokenPrivilege
			SeTcbPrivilege
			SeSecurityPrivilege
			SeTakeOwnershipPrivilege
			SeLoadDriverPrivilege
			SeBackupPrivilege
			SeRestorePrivilege
			SeDebugPrivilege
			SeAuditPrivilege
			SeSystemEnvironmentPrivilege
			SeImpersonatePrivilege
			SeDelegateSessionUserImpersonatePrivilege

Event[26]:
  Log Name: Security
  Source: Microsoft-Windows-Security-Auditing
  Date: 2025-02-24T21:35:57.8850000Z
  Event ID: 5379
  Task: User Account Management
  Level: Information
  Opcode: Info
  Keyword: Audit Success
  User: N/A
  User Name: N/A
  Computer: Raj
  Description: 
Credential Manager credentials were read.

Subject:
	Security ID:		S-1-5-21-2083258646-760213971-1639388674-1001
	Account Name:		hiihi
	Account Domain:		RAJ
	Logon ID:		0x54A16
	Read Operation:		Enumerate Credentials

This event occurs when a user performs a read operation on stored credentials in Credential Manager.

Event[27]:
  Log Name: Security
  Source: Microsoft-Windows-Security-Auditing
  Date: 2025-02-24T21:35:57.8860000Z
  Event ID: 5379
  Task: User Account Management
  Level: Information
  Opcode: Info
  Keyword: Audit Success
  User: N/A
  User Name: N/A
  Computer: Raj
  Description: 
Credential Manager credentials were read.

Subject:
	Security ID:		S-1-5-21-2083258646-760213971-1639388674-1001
	Account Name:		hiihi
	Account Domain:		RAJ
	Logon ID:		0x54A16
	Read Operation:		Enumerate Credentials

This event occurs when a user performs a read operation on stored credentials in Credential Manager.

Event[28]:
  Log Name: Security
  Source: Microsoft-Windows-Security-Auditing
  Date: 2025-02-24T21:35:57.8860000Z
  Event ID: 5379
  Task: User Account Management
  Level: Information
  Opcode: Info
  Keyword: Audit Success
  User: N/A
  User Name: N/A
  Computer: Raj
  Description: 
Credential Manager credentials were read.

Subject:
	Security ID:		S-1-5-21-2083258646-760213971-1639388674-1001
	Account Name:		hiihi
	Account Domain:		RAJ
	Logon ID:		0x54A16
	Read Operation:		Enumerate Credentials

This event occurs when a user performs a read operation on stored credentials in Credential Manager.

Event[29]:
  Log Name: Security
  Source: Microsoft-Windows-Security-Auditing
  Date: 2025-02-24T21:35:57.8870000Z
  Event ID: 5379
  Task: User Account Management
  Level: Information
  Opcode: Info
  Keyword: Audit Success
  User: N/A
  User Name: N/A
  Computer: Raj
  Description: 
Credential Manager credentials were read.

Subject:
	Security ID:		S-1-5-18
	Account Name:		RAJ$
	Account Domain:		WORKGROUP
	Logon ID:		0x3E7
	Read Operation:		Enumerate Credentials

This event occurs when a user performs a read operation on stored credentials in Credential Manager.

Event[30]:
  Log Name: Security
  Source: Microsoft-Windows-Security-Auditing
  Date: 2025-02-24T21:35:57.8870000Z
  Event ID: 5379
  Task: User Account Management
  Level: Information
  Opcode: Info
  Keyword: Audit Success
  User: N/A
  User Name: N/A
  Computer: Raj
  Description: 
Credential Manager credentials were read.

Subject:
	Security ID:		S-1-5-18
	Account Name:		RAJ$
	Account Domain:		WORKGROUP
	Logon ID:		0x3E7
	Read Operation:		Enumerate Credentials

This event occurs when a user performs a read operation on stored credentials in Credential Manager.

Event[31]:
  Log Name: Security
  Source: Microsoft-Windows-Security-Auditing
  Date: 2025-02-24T21:35:57.8870000Z
  Event ID: 5379
  Task: User Account Management
  Level: Information
  Opcode: Info
  Keyword: Audit Success
  User: N/A
  User Name: N/A
  Computer: Raj
  Description: 
Credential Manager credentials were read.

Subject:
	Security ID:		S-1-5-18
	Account Name:		RAJ$
	Account Domain:		WORKGROUP
	Logon ID:		0x3E7
	Read Operation:		Enumerate Credentials

This event occurs when a user performs a read operation on stored credentials in Credential Manager.

Event[32]:
  Log Name: Security
  Source: Microsoft-Windows-Security-Auditing
  Date: 2025-02-24T21:35:57.8900000Z
  Event ID: 5379
  Task: User Account Management
  Level: Information
  Opcode: Info
  Keyword: Audit Success
  User: N/A
  User Name: N/A
  Computer: Raj
  Description: 
Credential Manager credentials were read.

Subject:
	Security ID:		S-1-5-21-2083258646-760213971-1639388674-1001
	Account Name:		hiihi
	Account Domain:		RAJ
	Logon ID:		0x54A16
	Read Operation:		Enumerate Credentials

This event occurs when a user performs a read operation on stored credentials in Credential Manager.

Event[33]:
  Log Name: Security
  Source: Microsoft-Windows-Security-Auditing
  Date: 2025-02-24T21:35:57.9040000Z
  Event ID: 5379
  Task: User Account Management
  Level: Information
  Opcode: Info
  Keyword: Audit Success
  User: N/A
  User Name: N/A
  Computer: Raj
  Description: 
Credential Manager credentials were read.

Subject:
	Security ID:		S-1-5-21-2083258646-760213971-1639388674-1001
	Account Name:		hiihi
	Account Domain:		RAJ
	Logon ID:		0x54A16
	Read Operation:		Enumerate Credentials

This event occurs when a user performs a read operation on stored credentials in Credential Manager.

Event[34]:
  Log Name: Security
  Source: Microsoft-Windows-Security-Auditing
  Date: 2025-02-24T21:35:57.9040000Z
  Event ID: 5379
  Task: User Account Management
  Level: Information
  Opcode: Info
  Keyword: Audit Success
  User: N/A
  User Name: N/A
  Computer: Raj
  Description: 
Credential Manager credentials were read.

Subject:
	Security ID:		S-1-5-21-2083258646-760213971-1639388674-1001
	Account Name:		hiihi
	Account Domain:		RAJ
	Logon ID:		0x54A16
	Read Operation:		Enumerate Credentials

This event occurs when a user performs a read operation on stored credentials in Credential Manager.

Event[35]:
  Log Name: Security
  Source: Microsoft-Windows-Security-Auditing
  Date: 2025-02-24T21:35:57.9040000Z
  Event ID: 5379
  Task: User Account Management
  Level: Information
  Opcode: Info
  Keyword: Audit Success
  User: N/A
  User Name: N/A
  Computer: Raj
  Description: 
Credential Manager credentials were read.

Subject:
	Security ID:		S-1-5-21-2083258646-760213971-1639388674-1001
	Account Name:		hiihi
	Account Domain:		RAJ
	Logon ID:		0x54A16
	Read Operation:		Enumerate Credentials

This event occurs when a user performs a read operation on stored credentials in Credential Manager.

Event[36]:
  Log Name: Security
  Source: Microsoft-Windows-Security-Auditing
  Date: 2025-02-24T21:35:57.9060000Z
  Event ID: 5379
  Task: User Account Management
  Level: Information
  Opcode: Info
  Keyword: Audit Success
  User: N/A
  User Name: N/A
  Computer: Raj
  Description: 
Credential Manager credentials were read.

Subject:
	Security ID:		S-1-5-21-2083258646-760213971-1639388674-1001
	Account Name:		hiihi
	Account Domain:		RAJ
	Logon ID:		0x54A16
	Read Operation:		Enumerate Credentials

This event occurs when a user performs a read operation on stored credentials in Credential Manager.

Event[37]:
  Log Name: Security
  Source: Microsoft-Windows-Security-Auditing
  Date: 2025-02-24T21:35:57.9070000Z
  Event ID: 5379
  Task: User Account Management
  Level: Information
  Opcode: Info
  Keyword: Audit Success
  User: N/A
  User Name: N/A
  Computer: Raj
  Description: 
Credential Manager credentials were read.

Subject:
	Security ID:		S-1-5-21-2083258646-760213971-1639388674-1001
	Account Name:		hiihi
	Account Domain:		RAJ
	Logon ID:		0x54A16
	Read Operation:		Enumerate Credentials

This event occurs when a user performs a read operation on stored credentials in Credential Manager.

Event[38]:
  Log Name: Security
  Source: Microsoft-Windows-Security-Auditing
  Date: 2025-02-24T21:35:57.9080000Z
  Event ID: 5379
  Task: User Account Management
  Level: Information
  Opcode: Info
  Keyword: Audit Success
  User: N/A
  User Name: N/A
  Computer: Raj
  Description: 
Credential Manager credentials were read.

Subject:
	Security ID:		S-1-5-21-2083258646-760213971-1639388674-1001
	Account Name:		hiihi
	Account Domain:		RAJ
	Logon ID:		0x54A16
	Read Operation:		Enumerate Credentials

This event occurs when a user performs a read operation on stored credentials in Credential Manager.

Event[39]:
  Log Name: Security
  Source: Microsoft-Windows-Security-Auditing
  Date: 2025-02-24T21:35:57.9750000Z
  Event ID: 5379
  Task: User Account Management
  Level: Information
  Opcode: Info
  Keyword: Audit Success
  User: N/A
  User Name: N/A
  Computer: Raj
  Description: 
Credential Manager credentials were read.

Subject:
	Security ID:		S-1-5-21-2083258646-760213971-1639388674-1001
	Account Name:		hiihi
	Account Domain:		RAJ
	Logon ID:		0x54A16
	Read Operation:		Enumerate Credentials

This event occurs when a user performs a read operation on stored credentials in Credential Manager.

Event[40]:
  Log Name: Security
  Source: Microsoft-Windows-Security-Auditing
  Date: 2025-02-24T21:35:57.9760000Z
  Event ID: 5379
  Task: User Account Management
  Level: Information
  Opcode: Info
  Keyword: Audit Success
  User: N/A
  User Name: N/A
  Computer: Raj
  Description: 
Credential Manager credentials were read.

Subject:
	Security ID:		S-1-5-21-2083258646-760213971-1639388674-1001
	Account Name:		hiihi
	Account Domain:		RAJ
	Logon ID:		0x54A16
	Read Operation:		Enumerate Credentials

This event occurs when a user performs a read operation on stored credentials in Credential Manager.

Event[41]:
  Log Name: Security
  Source: Microsoft-Windows-Security-Auditing
  Date: 2025-02-24T21:35:57.9760000Z
  Event ID: 5379
  Task: User Account Management
  Level: Information
  Opcode: Info
  Keyword: Audit Success
  User: N/A
  User Name: N/A
  Computer: Raj
  Description: 
Credential Manager credentials were read.

Subject:
	Security ID:		S-1-5-21-2083258646-760213971-1639388674-1001
	Account Name:		hiihi
	Account Domain:		RAJ
	Logon ID:		0x54A16
	Read Operation:		Enumerate Credentials

This event occurs when a user performs a read operation on stored credentials in Credential Manager.

Event[42]:
  Log Name: Security
  Source: Microsoft-Windows-Security-Auditing
  Date: 2025-02-24T21:35:57.9770000Z
  Event ID: 5379
  Task: User Account Management
  Level: Information
  Opcode: Info
  Keyword: Audit Success
  User: N/A
  User Name: N/A
  Computer: Raj
  Description: 
Credential Manager credentials were read.

Subject:
	Security ID:		S-1-5-21-2083258646-760213971-1639388674-1001
	Account Name:		hiihi
	Account Domain:		RAJ
	Logon ID:		0x54A16
	Read Operation:		Enumerate Credentials

This event occurs when a user performs a read operation on stored credentials in Credential Manager.

Event[43]:
  Log Name: Security
  Source: Microsoft-Windows-Security-Auditing
  Date: 2025-02-24T21:36:11.3560000Z
  Event ID: 4624
  Task: Logon
  Level: Information
  Opcode: Info
  Keyword: Audit Success
  User: N/A
  User Name: N/A
  Computer: Raj
  Description: 
An account was successfully logged on.

Subject:
	Security ID:		S-1-5-18
	Account Name:		RAJ$
	Account Domain:		WORKGROUP
	Logon ID:		0x3E7

Logon Information:
	Logon Type:		5
	Restricted Admin Mode:	-
	Virtual Account:		No
	Elevated Token:		Yes

Impersonation Level:		Impersonation

New Logon:
	Security ID:		S-1-5-18
	Account Name:		SYSTEM
	Account Domain:		NT AUTHORITY
	Logon ID:		0x3E7
	Linked Logon ID:		0x0
	Network Account Name:	-
	Network Account Domain:	-
	Logon GUID:		{00000000-0000-0000-0000-000000000000}

Process Information:
	Process ID:		0x314
	Process Name:		C:\Windows\System32\services.exe

Network Information:
	Workstation Name:	-
	Source Network Address:	-
	Source Port:		-

Detailed Authentication Information:
	Logon Process:		Advapi  
	Authentication Package:	Negotiate
	Transited Services:	-
	Package Name (NTLM only):	-
	Key Length:		0

This event is generated when a logon session is created. It is generated on the computer that was accessed.

The subject fields indicate the account on the local system which requested the logon. This is most commonly a service such as the Server service, or a local process such as Winlogon.exe or Services.exe.

The logon type field indicates the kind of logon that occurred. The most common types are 2 (interactive) and 3 (network).

The New Logon fields indicate the account for whom the new logon was created, i.e. the account that was logged on.

The network fields indicate where a remote logon request originated. Workstation name is not always available and may be left blank in some cases.

The impersonation level field indicates the extent to which a process in the logon session can impersonate.

The authentication information fields provide detailed information about this specific logon request.
	- Logon GUID is a unique identifier that can be used to correlate this event with a KDC event.
	- Transited services indicate which intermediate services have participated in this logon request.
	- Package name indicates which sub-protocol was used among the NTLM protocols.
	- Key length indicates the length of the generated session key. This will be 0 if no session key was requested.

Event[44]:
  Log Name: Security
  Source: Microsoft-Windows-Security-Auditing
  Date: 2025-02-24T21:36:11.3560000Z
  Event ID: 4672
  Task: Special Logon
  Level: Information
  Opcode: Info
  Keyword: Audit Success
  User: N/A
  User Name: N/A
  Computer: Raj
  Description: 
Special privileges assigned to new logon.

Subject:
	Security ID:		S-1-5-18
	Account Name:		SYSTEM
	Account Domain:		NT AUTHORITY
	Logon ID:		0x3E7

Privileges:		SeAssignPrimaryTokenPrivilege
			SeTcbPrivilege
			SeSecurityPrivilege
			SeTakeOwnershipPrivilege
			SeLoadDriverPrivilege
			SeBackupPrivilege
			SeRestorePrivilege
			SeDebugPrivilege
			SeAuditPrivilege
			SeSystemEnvironmentPrivilege
			SeImpersonatePrivilege
			SeDelegateSessionUserImpersonatePrivilege

Event[45]:
  Log Name: Security
  Source: Microsoft-Windows-Security-Auditing
  Date: 2025-02-24T21:37:28.8730000Z
  Event ID: 4624
  Task: Logon
  Level: Information
  Opcode: Info
  Keyword: Audit Success
  User: N/A
  User Name: N/A
  Computer: Raj
  Description: 
An account was successfully logged on.

Subject:
	Security ID:		S-1-5-18
	Account Name:		RAJ$
	Account Domain:		WORKGROUP
	Logon ID:		0x3E7

Logon Information:
	Logon Type:		5
	Restricted Admin Mode:	-
	Virtual Account:		No
	Elevated Token:		Yes

Impersonation Level:		Impersonation

New Logon:
	Security ID:		S-1-5-18
	Account Name:		SYSTEM
	Account Domain:		NT AUTHORITY
	Logon ID:		0x3E7
	Linked Logon ID:		0x0
	Network Account Name:	-
	Network Account Domain:	-
	Logon GUID:		{00000000-0000-0000-0000-000000000000}

Process Information:
	Process ID:		0x314
	Process Name:		C:\Windows\System32\services.exe

Network Information:
	Workstation Name:	-
	Source Network Address:	-
	Source Port:		-

Detailed Authentication Information:
	Logon Process:		Advapi  
	Authentication Package:	Negotiate
	Transited Services:	-
	Package Name (NTLM only):	-
	Key Length:		0

This event is generated when a logon session is created. It is generated on the computer that was accessed.

The subject fields indicate the account on the local system which requested the logon. This is most commonly a service such as the Server service, or a local process such as Winlogon.exe or Services.exe.

The logon type field indicates the kind of logon that occurred. The most common types are 2 (interactive) and 3 (network).

The New Logon fields indicate the account for whom the new logon was created, i.e. the account that was logged on.

The network fields indicate where a remote logon request originated. Workstation name is not always available and may be left blank in some cases.

The impersonation level field indicates the extent to which a process in the logon session can impersonate.

The authentication information fields provide detailed information about this specific logon request.
	- Logon GUID is a unique identifier that can be used to correlate this event with a KDC event.
	- Transited services indicate which intermediate services have participated in this logon request.
	- Package name indicates which sub-protocol was used among the NTLM protocols.
	- Key length indicates the length of the generated session key. This will be 0 if no session key was requested.

Event[46]:
