Event[0]:
  Log Name: System
  Source: Microsoft-Windows-Ntfs
  Date: 2024-09-12T16:40:31.7880000Z
  Event ID: 98
  Task: N/A
  Level: Information
  Opcode: Info
  Keyword: N/A
  User: S-1-5-18
  User Name: NT AUTHORITY\SYSTEM
  Computer: Raj
  Description: 
Volume D: (\Device\HarddiskVolume4) is healthy.  No action is needed.

Event[1]:
  Log Name: System
  Source: Microsoft-Windows-Ntfs
  Date: 2024-09-12T16:40:32.4240000Z
  Event ID: 98
  Task: N/A
  Level: Information
  Opcode: Info
  Keyword: N/A
  User: S-1-5-18
  User Name: NT AUTHORITY\SYSTEM
  Computer: Raj
  Description: 
Volume \\?\Volume{a2b18c28-0000-0000-0000-a04256000000} (\Device\HarddiskVolume3) is healthy.  No action is needed.

Event[2]:
  Log Name: System
  Source: Microsoft-Windows-Kernel-General
  Date: 2024-09-12T16:40:32.7140000Z
  Event ID: 16
  Task: N/A
  Level: Information
  Opcode: Info
  Keyword: N/A
  User: S-1-5-18
  User Name: NT AUTHORITY\SYSTEM
  Computer: Raj
  Description: 
The access history in hive \SystemRoot\System32\Config\SAM was cleared updating 69 keys and creating 7 modified pages.

Event[3]:
  Log Name: System
  Source: Microsoft-Windows-Kernel-General
  Date: 2024-09-12T16:40:33.0570000Z
  Event ID: 16
  Task: N/A
  Level: Information
  Opcode: Info
  Keyword: N/A
  User: S-1-5-18
  User Name: NT AUTHORITY\SYSTEM
  Computer: Raj
  Description: 
The access history in hive \SystemRoot\System32\Config\SECURITY was cleared updating 76 keys and creating 4 modified pages.

Event[4]:
  Log Name: System
  Source: Microsoft-Windows-Kernel-General
  Date: 2024-09-12T16:40:33.1640000Z
  Event ID: 16
  Task: N/A
  Level: Information
  Opcode: Info
  Keyword: N/A
  User: S-1-5-18
  User Name: NT AUTHORITY\SYSTEM
  Computer: Raj
  Description: 
The access history in hive \SystemRoot\System32\Config\DEFAULT was cleared updating 344 keys and creating 50 modified pages.

Event[5]:
  Log Name: System
  Source: Microsoft-Windows-Kernel-General
  Date: 2024-09-12T16:40:38.4810000Z
  Event ID: 15
  Task: N/A
  Level: Information
  Opcode: Info
  Keyword: N/A
  User: S-1-5-18
  User Name: NT AUTHORITY\SYSTEM
  Computer: Raj
  Description: 
Hive \SystemRoot\System32\Config\SOFTWARE was reorganized with a starting size of 100380672 bytes and an ending size of 92241920 bytes.

Event[6]:
  Log Name: System
  Source: Microsoft-Windows-Kernel-General
  Date: 2024-09-12T16:40:38.5550000Z
  Event ID: 24
  Task: N/A
  Level: Information
  Opcode: Info
  Keyword: Time
  User: S-1-5-18
  User Name: NT AUTHORITY\SYSTEM
  Computer: Raj
  Description: 
The time zone information was refreshed with exit reason 0. Current time zone bias is -330.

Event[7]:
  Log Name: System
  Source: Win32k
  Date: 2024-09-12T16:40:42.6110000Z
  Event ID: 267
  Task: N/A
  Level: Information
  Opcode: N/A
  Keyword: Classic
  User: N/A
  User Name: N/A
  Computer: Raj
  Description: 
Touch/Touchpad Hardware Quality Assurance verification succeeded.

Event[8]:
  Log Name: System
  Source: Microsoft-Windows-Wininit
  Date: 2024-09-12T16:40:42.7120000Z
  Event ID: 14
  Task: N/A
  Level: Information
  Opcode: Info
  Keyword: N/A
  User: S-1-5-18
  User Name: NT AUTHORITY\SYSTEM
  Computer: Raj
  Description: 
Credential Guard configuration: 0x0, 0

Event[9]:
  Log Name: System
  Source: Microsoft-Windows-Wininit
  Date: 2024-09-12T16:40:43.8470000Z
  Event ID: 18
  Task: N/A
  Level: Information
  Opcode: Info
  Keyword: N/A
  User: S-1-5-18
  User Name: NT AUTHORITY\SYSTEM
  Computer: Raj
  Description: 
Key Guard was started and will protect VSM-isolated keys.

Event[10]:
  Log Name: System
  Source: Microsoft-Windows-Directory-Services-SAM
  Date: 2024-09-12T16:40:44.2550000Z
  Event ID: 16962
  Task: N/A
  Level: Information
  Opcode: Info
  Keyword: N/A
  User: S-1-5-18
  User Name: NT AUTHORITY\SYSTEM
  Computer: Raj
  Description: 
Remote calls to the SAM database are being restricted using the default security descriptor: O:SYG:SYD:(A;;RC;;;BA).
For more information please see http://go.microsoft.com/fwlink/?LinkId=787651.

Event[11]:
  Log Name: System
  Source: Microsoft-Windows-Directory-Services-SAM
  Date: 2024-09-12T16:40:44.2890000Z
  Event ID: 16977
  Task: N/A
  Level: Information
  Opcode: Info
  Keyword: N/A
  User: S-1-5-18
  User Name: NT AUTHORITY\SYSTEM
  Computer: Raj
  Description: 
The domain is configured with the following minimum password length-related settings.

MinimumPasswordLength: 0

RelaxMinimumPasswordLengthLimits: 0

MinimumPasswordLengthAudit: -1

For more information see https://go.microsoft.com/fwlink/?LinkId=2097191.


Event[12]:
  Log Name: System
  Source: Microsoft-Windows-Directory-Services-SAM
  Date: 2024-09-12T16:40:44.2890000Z
  Event ID: 16983
  Task: N/A
  Level: Information
  Opcode: Info
  Keyword: N/A
  User: S-1-5-18
  User Name: NT AUTHORITY\SYSTEM
  Computer: Raj
  Description: 
The security account manager is now logging periodic summary events for remote clients that call legacy password change or set RPC methods.

For more information please see https://go.microsoft.com/fwlink/?linkid=2150956.


Event[13]:
  Log Name: System
  Source: Microsoft-Windows-Kernel-General
  Date: 2024-09-12T16:40:44.6330000Z
  Event ID: 16
  Task: N/A
  Level: Information
  Opcode: Info
  Keyword: N/A
  User: S-1-5-18
  User Name: NT AUTHORITY\SYSTEM
  Computer: Raj
  Description: 
The access history in hive \??\C:\Windows\ServiceProfiles\NetworkService\NTUSER.DAT was cleared updating 106 keys and creating 15 modified pages.

Event[14]:
  Log Name: System
  Source: Service Control Manager
  Date: 2024-09-12T16:40:45.3160000Z
  Event ID: 7023
  Task: N/A
  Level: Error
  Opcode: N/A
  Keyword: Classic
  User: N/A
  User Name: N/A
  Computer: Raj
  Description: 
The FrameServer service terminated with the following error: 
The specified module could not be found.

Event[15]:
  Log Name: System
  Source: Microsoft-Windows-FilterManager
  Date: 2024-09-12T16:40:45.3310000Z
  Event ID: 6
  Task: N/A
  Level: Information
  Opcode: Info
  Keyword: N/A
  User: S-1-5-18
  User Name: NT AUTHORITY\SYSTEM
  Computer: Raj
  Description: 
File System Filter 'wcifs' (10.0, ?2047?-?08?-?27T10:58:50.000000000Z) has successfully loaded and registered with Filter Manager.

Event[16]:
  Log Name: System
  Source: Microsoft-Windows-Kernel-General
  Date: 2024-09-12T16:40:45.3330000Z
  Event ID: 16
  Task: N/A
  Level: Information
  Opcode: Info
  Keyword: N/A
  User: S-1-5-18
  User Name: NT AUTHORITY\SYSTEM
  Computer: Raj
  Description: 
The access history in hive \SystemRoot\System32\Config\BBI was cleared updating 219 keys and creating 60 modified pages.

Event[17]:
  Log Name: System
  Source: Microsoft-Windows-Kernel-General
  Date: 2024-09-12T16:40:45.3580000Z
  Event ID: 16
  Task: N/A
  Level: Information
  Opcode: Info
  Keyword: N/A
  User: S-1-5-18
  User Name: NT AUTHORITY\SYSTEM
  Computer: Raj
  Description: 
The access history in hive \??\C:\Windows\ServiceProfiles\LocalService\NTUSER.DAT was cleared updating 63 keys and creating 17 modified pages.

Event[18]:
  Log Name: System
  Source: Microsoft-Windows-FilterManager
  Date: 2024-09-12T16:40:45.3940000Z
  Event ID: 6
  Task: N/A
  Level: Information
  Opcode: Info
  Keyword: N/A
  User: S-1-5-18
  User Name: NT AUTHORITY\SYSTEM
  Computer: Raj
  Description: 
File System Filter 'luafv' (10.0, ?1990?-?08?-?12T07:37:40.000000000Z) has successfully loaded and registered with Filter Manager.

Event[19]:
  Log Name: System
  Source: Microsoft-Windows-FilterManager
  Date: 2024-09-12T16:40:45.6300000Z
  Event ID: 6
  Task: N/A
  Level: Information
  Opcode: Info
  Keyword: N/A
  User: S-1-5-18
  User Name: NT AUTHORITY\SYSTEM
  Computer: Raj
  Description: 
File System Filter 'CldFlt' (10.0, ?2009?-?07?-?02T23:04:00.000000000Z) has successfully loaded and registered with Filter Manager.

Event[20]:
  Log Name: System
  Source: Microsoft-Windows-FilterManager
  Date: 2024-09-12T16:40:45.6300000Z
  Event ID: 1
  Task: N/A
  Level: Information
  Opcode: Info
  Keyword: N/A
  User: S-1-5-18
  User Name: NT AUTHORITY\SYSTEM
  Computer: Raj
  Description: 
File System Filter 'CldFlt' (Version 10.0, ?2009?-?07?-?02T23:04:00.000000000Z) unloaded successfully.

Event[21]:
  Log Name: System
  Source: Microsoft-Windows-FilterManager
  Date: 2024-09-12T16:40:45.6300000Z
  Event ID: 6
  Task: N/A
  Level: Information
  Opcode: Info
  Keyword: N/A
  User: S-1-5-18
  User Name: NT AUTHORITY\SYSTEM
  Computer: Raj
  Description: 
File System Filter 'CldFlt' (10.0, ?2009?-?07?-?02T23:04:00.000000000Z) has successfully loaded and registered with Filter Manager.

Event[22]:
  Log Name: System
  Source: Microsoft-Windows-FilterManager
  Date: 2024-09-12T16:40:45.6630000Z
  Event ID: 6
  Task: N/A
  Level: Information
  Opcode: Info
  Keyword: N/A
  User: S-1-5-18
  User Name: NT AUTHORITY\SYSTEM
  Computer: Raj
  Description: 
File System Filter 'storqosflt' (10.0, ?2010?-?08?-?23T18:33:45.000000000Z) has successfully loaded and registered with Filter Manager.

Event[23]:
  Log Name: System
  Source: Microsoft-Windows-FilterManager
  Date: 2024-09-12T16:40:45.6820000Z
  Event ID: 6
  Task: N/A
  Level: Information
  Opcode: Info
  Keyword: N/A
  User: S-1-5-18
  User Name: NT AUTHORITY\SYSTEM
  Computer: Raj
  Description: 
File System Filter 'bindflt' (10.0, ?2057?-?01?-?09T03:38:59.000000000Z) has successfully loaded and registered with Filter Manager.

Event[24]:
  Log Name: System
  Source: Microsoft-Windows-Dhcp-Client
  Date: 2024-09-12T16:40:45.8830000Z
  Event ID: 50036
  Task: Service State Event
  Level: Information
  Opcode: ServiceStart
  Keyword: N/A
  User: S-1-5-19
  User Name: NT AUTHORITY\LOCAL SERVICE
  Computer: Raj
  Description: 
DHCPv4 client service is started

Event[25]:
  Log Name: System
  Source: Microsoft-Windows-Dhcp-Client
  Date: 2024-09-12T16:40:45.8830000Z
  Event ID: 50103
  Task: Service State Event
  Level: Information
  Opcode: ServiceShutdown
  Keyword: N/A
  User: S-1-5-19
  User Name: NT AUTHORITY\LOCAL SERVICE
  Computer: Raj
  Description: 
DHCPv4 client registered for shutdown notification

Event[26]:
  Log Name: System
  Source: Win32k
  Date: 2024-09-12T16:40:45.8850000Z
  Event ID: 267
  Task: N/A
  Level: Information
  Opcode: N/A
  Keyword: Classic
  User: N/A
  User Name: N/A
  Computer: Raj
  Description: 
Touch/Touchpad Hardware Quality Assurance verification succeeded.

Event[27]:
  Log Name: System
  Source: Microsoft-Windows-DHCPv6-Client
  Date: 2024-09-12T16:40:46.2280000Z
  Event ID: 51046
  Task: Service State Event
  Level: Information
  Opcode: ServiceStart
  Keyword: N/A
  User: S-1-5-19
  User Name: NT AUTHORITY\LOCAL SERVICE
  Computer: Raj
  Description: 
DHCPv6 client service is started

Event[28]:
  Log Name: System
  Source: Microsoft-Windows-Hyper-V-VmSwitch
  Date: 2024-09-12T16:40:46.7490000Z
  Event ID: 277
  Task: N/A
  Level: Information
  Opcode: Info
  Keyword: N/A
  User: S-1-5-18
  User Name: NT AUTHORITY\SYSTEM
  Computer: Raj
  Description: 
vmswitch.sys build 19041.amd64.vb_release_svc_prod1, debug false, official true, 1 1

Event[29]:
  Log Name: System
  Source: Microsoft-Windows-WLAN-AutoConfig
  Date: 2024-09-12T16:40:47.0620000Z
  Event ID: 4000
  Task: N/A
  Level: Information
  Opcode: Start
  Keyword: N/A
  User: S-1-5-18
  User Name: NT AUTHORITY\SYSTEM
  Computer: Raj
  Description: 
WLAN AutoConfig service has successfully started.


Event[30]:
  Log Name: System
  Source: Service Control Manager
  Date: 2024-09-12T16:40:49.5200000Z
  Event ID: 7026
  Task: N/A
  Level: Information
  Opcode: N/A
  Keyword: Classic
  User: N/A
  User Name: N/A
  Computer: Raj
  Description: 
The following boot-start or system-start driver(s) did not load: 
dam

Event[31]:
  Log Name: System
  Source: Microsoft-Windows-WHEA-Logger
  Date: 2024-09-12T16:40:49.8860000Z
  Event ID: 17
  Task: N/A
  Level: Warning
  Opcode: Info
  Keyword: N/A
  User: S-1-5-19
  User Name: NT AUTHORITY\LOCAL SERVICE
  Computer: Raj
  Description: 
A corrected hardware error has occurred.

Component: PCI Express Root Port
Error Source: Advanced Error Reporting (PCI Express)

Primary Bus:Device:Function: 0x0:0x1C:0x5
Secondary Bus:Device:Function: 0x0:0x0:0x0
Primary Device Name:PCI\VEN_8086&DEV_9D15&SUBSYS_083F1028&REV_F1
Secondary Device Name:

Event[32]:
  Log Name: System
  Source: Microsoft-Windows-WHEA-Logger
  Date: 2024-09-12T16:40:49.8960000Z
  Event ID: 17
  Task: N/A
  Level: Warning
  Opcode: Info
  Keyword: N/A
  User: S-1-5-19
  User Name: NT AUTHORITY\LOCAL SERVICE
  Computer: Raj
  Description: 
A corrected hardware error has occurred.

Component: PCI Express Root Port
Error Source: Advanced Error Reporting (PCI Express)

Primary Bus:Device:Function: 0x0:0x1C:0x5
Secondary Bus:Device:Function: 0x0:0x0:0x0
Primary Device Name:PCI\VEN_8086&DEV_9D15&SUBSYS_083F1028&REV_F1
Secondary Device Name:

Event[33]:
  Log Name: System
  Source: Microsoft-Windows-Winlogon
  Date: 2024-09-12T16:41:09.8790000Z
  Event ID: 7001
  Task: N/A
  Level: Information
  Opcode: Info
  Keyword: N/A
  User: S-1-5-18
  User Name: NT AUTHORITY\SYSTEM
  Computer: Raj
  Description: 
User Logon Notification for Customer Experience Improvement Program

Event[34]:
  Log Name: System
  Source: Microsoft-Windows-Kernel-Processor-Power
  Date: 2024-09-12T16:41:26.7050000Z
  Event ID: 37
  Task: N/A
  Level: Warning
  Opcode: Info
  Keyword: N/A
  User: S-1-5-18
  User Name: NT AUTHORITY\SYSTEM
  Computer: Raj
  Description: 
The speed of processor 7 in group 0 is being limited by system firmware. The processor has been in this reduced performance state for 71 seconds since the last report.

Event[35]:
  Log Name: System
  Source: Service Control Manager
  Date: 2024-09-12T16:41:31.6580000Z
  Event ID: 7023
  Task: N/A
  Level: Error
  Opcode: N/A
  Keyword: Classic
  User: N/A
  User Name: N/A
  Computer: Raj
  Description: 
The Windows Camera Frame Server service terminated with the following error: 
The specified module could not be found.

Event[36]:
  Log Name: System
  Source: Microsoft-Windows-DistributedCOM
  Date: 2024-09-12T16:41:37.7720000Z
  Event ID: 10016
  Task: N/A
  Level: Warning
  Opcode: Info
  Keyword: Classic
  User: S-1-5-19
  User Name: NT AUTHORITY\LOCAL SERVICE
  Computer: Raj
  Description: 
The application-specific permission settings do not grant Local Activation permission for the COM Server application with CLSID 
{6B3B8D23-FA8D-40B9-8DBD-B950333E2C52}
 and APPID 
{4839DDB7-58C2-48F5-8283-E1D1807D0D7D}
 to the user NT AUTHORITY\LOCAL SERVICE SID (S-1-5-19) from address LocalHost (Using LRPC) running in the application container Unavailable SID (Unavailable). This security permission can be modified using the Component Services administrative tool.

Event[37]:
  Log Name: System
  Source: Microsoft-Windows-DistributedCOM
  Date: 2024-09-12T16:41:37.7850000Z
  Event ID: 10016
  Task: N/A
  Level: Warning
  Opcode: Info
  Keyword: Classic
  User: S-1-5-19
  User Name: NT AUTHORITY\LOCAL SERVICE
  Computer: Raj
  Description: 
The application-specific permission settings do not grant Local Activation permission for the COM Server application with CLSID 
{6B3B8D23-FA8D-40B9-8DBD-B950333E2C52}
 and APPID 
{4839DDB7-58C2-48F5-8283-E1D1807D0D7D}
 to the user NT AUTHORITY\LOCAL SERVICE SID (S-1-5-19) from address LocalHost (Using LRPC) running in the application container Unavailable SID (Unavailable). This security permission can be modified using the Component Services administrative tool.

Event[38]:
  Log Name: System
  Source: Microsoft-Windows-IsolatedUserMode
  Date: 2024-09-12T16:42:57.0880000Z
  Event ID: 5
  Task: N/A
  Level: Information
  Opcode: Info
  Keyword: N/A
  User: S-1-5-18
  User Name: NT AUTHORITY\SYSTEM
  Computer: Raj
  Description: 
Secure Trustlet NULL Id 0 and Pid 0 started with status STATUS_SUCCESS.

Event[39]:
  Log Name: System
  Source: Microsoft-Windows-Time-Service
  Date: 2024-09-12T16:43:00.5880000Z
  Event ID: 158
  Task: N/A
  Level: Information
  Opcode: Info
  Keyword: N/A
  User: S-1-5-19
  User Name: NT AUTHORITY\LOCAL SERVICE
  Computer: Raj
  Description: 
The time provider 'VMICTimeProvider' has indicated that the current hardware and operating environment is not supported and has stopped. This behavior is expected for VMICTimeProvider on non-HyperV-guest environments. This may be the expected behavior for the current provider in the current operating environment as well.

Event[40]:
  Log Name: System
  Source: Microsoft-Windows-DistributedCOM
  Date: 2024-09-12T16:43:01.9710000Z
  Event ID: 10016
  Task: N/A
  Level: Warning
  Opcode: Info
  Keyword: Classic
  User: S-1-5-18
  User Name: NT AUTHORITY\SYSTEM
  Computer: Raj
  Description: 
The application-specific permission settings do not grant Local Launch permission for the COM Server application with CLSID 
Windows.SecurityCenter.WscDataProtection
 and APPID 
Unavailable
 to the user NT AUTHORITY\SYSTEM SID (S-1-5-18) from address LocalHost (Using LRPC) running in the application container Unavailable SID (Unavailable). This security permission can be modified using the Component Services administrative tool.

Event[41]:
  Log Name: System
  Source: Microsoft-Windows-Time-Service
  Date: 2024-09-12T16:43:02.2210000Z
  Event ID: 37
  Task: N/A
  Level: Information
  Opcode: Info
  Keyword: N/A
  User: S-1-5-19
  User Name: NT AUTHORITY\LOCAL SERVICE
  Computer: Raj
  Description: 
The time provider NtpClient is currently receiving valid time data from time.windows.com,0x9 (ntp.m|0x9|0.0.0.0:123->40.81.94.65:123).

Event[42]:
  Log Name: System
  Source: Microsoft-Windows-Time-Service
  Date: 2024-09-12T16:43:16.6610000Z
  Event ID: 35
  Task: N/A
  Level: Information
  Opcode: Info
  Keyword: N/A
  User: S-1-5-19
  User Name: NT AUTHORITY\LOCAL SERVICE
  Computer: Raj
  Description: 
The time service is now synchronizing the system time with the time source time.windows.com,0x9 (ntp.m|0x9|0.0.0.0:123->40.81.94.65:123) with reference id 1096700200. Current local stratum number is 4.

Event[43]:
  Log Name: System
  Source: Service Control Manager
  Date: 2024-09-12T16:44:21.3640000Z
  Event ID: 7045
  Task: N/A
  Level: Information
  Opcode: N/A
  Keyword: Classic
  User: S-1-5-18
  User Name: NT AUTHORITY\SYSTEM
  Computer: Raj
  Description: 
A service was installed in the system.

Service Name:  MpKsl4dfdce25
Service File Name:  C:\ProgramData\Microsoft\Windows Defender\Definition Updates\{308CB68B-479E-4196-829C-FC0BB50EAEB1}\MpKslDrv.sys
Service Type:  kernel mode driver
Service Start Type:  demand start
Service Account:  

Event[44]:
  Log Name: System
  Source: Service Control Manager
  Date: 2024-09-12T16:44:33.0810000Z
  Event ID: 7040
  Task: N/A
  Level: Information
  Opcode: N/A
  Keyword: Classic
  User: S-1-5-18
  User Name: NT AUTHORITY\SYSTEM
  Computer: Raj
  Description: 
The start type of the Background Intelligent Transfer Service service was changed from demand start to auto start.

Event[45]:
  Log Name: System
  Source: Microsoft-Windows-DistributedCOM
  Date: 2024-09-12T16:45:03.7680000Z
  Event ID: 10016
  Task: N/A
  Level: Warning
  Opcode: Info
  Keyword: Classic
  User: S-1-5-21-2083258646-760213971-1639388674-1001
  User Name: RAJ\hiihi
  Computer: Raj
  Description: 
The machine-default permission settings do not grant Local Activation permission for the COM Server application with CLSID 
{C2F03A33-21F5-47FA-B4BB-156362A2F239}
 and APPID 
{316CDED5-E4AE-4B15-9113-7055D84DCC97}
 to the user RAJ\hiihi SID (S-1-5-21-2083258646-760213971-1639388674-1001) from address LocalHost (Using LRPC) running in the application container Microsoft.Windows.ShellExperienceHost_10.0.19041.4239_neutral_neutral_cw5n1h2txyewy SID (S-1-15-2-155514346-2573954481-755741238-1654018636-1233331829-3075935687-2861478708). This security permission can be modified using the Component Services administrative tool.

Event[46]:
  Log Name: System
  Source: Service Control Manager
  Date: 2024-09-12T16:48:34.8400000Z
  Event ID: 7040
  Task: N/A
  Level: Information
  Opcode: N/A
  Keyword: Classic
  User: S-1-5-18
  User Name: NT AUTHORITY\SYSTEM
  Computer: Raj
  Description: 
The start type of the Background Intelligent Transfer Service service was changed from auto start to demand start.

Event[47]:
  Log Name: System
  Source: Microsoft-Windows-WindowsUpdateClient
  Date: 2024-09-12T16:52:17.9420000Z
  Event ID: 44
  Task: Windows Update Agent
  Level: Information
  Opcode: Download
  Keyword: Download,Started
  User: S-1-5-18
  User Name: NT AUTHORITY\SYSTEM
  Computer: Raj
  Description: 
Windows Update started downloading an update.

Event[48]:
  Log Name: System
  Source: Microsoft-Windows-WindowsUpdateClient
  Date: 2024-09-12T16:52:17.9420000Z
  Event ID: 43
  Task: Windows Update Agent
  Level: Information
  Opcode: Installation
  Keyword: Installation,Started
  User: S-1-5-18
  User Name: NT AUTHORITY\SYSTEM
  Computer: Raj
  Description: 
Installation Started: Windows has started installing the following update: Security Intelligence Update for Microsoft Defender Antivirus - KB2267602 (Version 1.417.655.0) - Current Channel (Broad)

Event[49]:
  Log Name: System
  Source: Service Control Manager
  Date: 2024-09-12T16:52:34.7390000Z
  Event ID: 7045
  Task: N/A
  Level: Information
  Opcode: N/A
  Keyword: Classic
  User: S-1-5-18
  User Name: NT AUTHORITY\SYSTEM
  Computer: Raj
  Description: 
A service was installed in the system.

Service Name:  MpKslb69e2a03
Service File Name:  C:\ProgramData\Microsoft\Windows Defender\Definition Updates\{FEA2F20F-9268-48A3-A349-E2879CA4E555}\MpKslDrv.sys
Service Type:  kernel mode driver
Service Start Type:  demand start
Service Account:  

Event[50]:
  Log Name: System
  Source: Microsoft-Windows-WindowsUpdateClient
  Date: 2024-09-12T16:52:34.8100000Z
  Event ID: 19
  Task: Windows Update Agent
  Level: Information
  Opcode: Installation
  Keyword: Installation,Success
  User: S-1-5-18
  User Name: NT AUTHORITY\SYSTEM
  Computer: Raj
  Description: 
Installation Successful: Windows successfully installed the following update: Security Intelligence Update for Microsoft Defender Antivirus - KB2267602 (Version 1.417.655.0) - Current Channel (Broad)

Event[51]:
  Log Name: System
  Source: Microsoft-Windows-WindowsUpdateClient
  Date: 2024-09-12T16:56:16.5100000Z
  Event ID: 44
  Task: Windows Update Agent
  Level: Information
  Opcode: Download
  Keyword: Download,Started
  User: S-1-5-18
  User Name: NT AUTHORITY\SYSTEM
  Computer: Raj
  Description: 
Windows Update started downloading an update.

Event[52]:
  Log Name: System
  Source: Microsoft-Windows-Kernel-General
  Date: 2024-09-12T16:57:17.2680000Z
  Event ID: 16
  Task: N/A
  Level: Information
  Opcode: Info
  Keyword: N/A
  User: S-1-5-18
  User Name: NT AUTHORITY\SYSTEM
  Computer: Raj
  Description: 
The access history in hive \??\C:\ProgramData\Microsoft\Windows\AppRepository\Packages\Microsoft.YourPhone_1.24081.102.0_x64__8wekyb3d8bbwe\ActivationStore.dat was cleared updating 0 keys and creating 0 modified pages.

Event[53]:
  Log Name: System
  Source: Microsoft-Windows-WindowsUpdateClient
  Date: 2024-09-12T16:57:20.4140000Z
  Event ID: 43
  Task: Windows Update Agent
  Level: Information
  Opcode: Installation
  Keyword: Installation,Started
  User: S-1-5-18
  User Name: NT AUTHORITY\SYSTEM
  Computer: Raj
  Description: 
Installation Started: Windows has started installing the following update: 9NMPJ99VJBWV-Microsoft.YourPhone

Event[54]:
  Log Name: System
  Source: Microsoft-Windows-WindowsUpdateClient
  Date: 2024-09-12T16:57:21.9360000Z
  Event ID: 20
  Task: Windows Update Agent
  Level: Error
  Opcode: Installation
  Keyword: Installation,Failure
  User: S-1-5-18
  User Name: NT AUTHORITY\SYSTEM
  Computer: Raj
  Description: 
Installation Failure: Windows failed to install the following update with error 0x80073D02: 9NMPJ99VJBWV-Microsoft.YourPhone.

Event[55]:
  Log Name: System
  Source: Microsoft-Windows-Time-Service
  Date: 2024-09-12T17:00:20.6670000Z
  Event ID: 158
  Task: N/A
  Level: Information
  Opcode: Info
  Keyword: N/A
  User: S-1-5-19
  User Name: NT AUTHORITY\LOCAL SERVICE
  Computer: Raj
  Description: 
The time provider 'VMICTimeProvider' has indicated that the current hardware and operating environment is not supported and has stopped. This behavior is expected for VMICTimeProvider on non-HyperV-guest environments. This may be the expected behavior for the current provider in the current operating environment as well.

Event[56]:
  Log Name: System
  Source: Microsoft-Windows-DistributedCOM
  Date: 2024-09-12T17:14:41.5040000Z
  Event ID: 10016
  Task: N/A
  Level: Warning
  Opcode: Info
  Keyword: Classic
  User: S-1-5-21-2083258646-760213971-1639388674-1001
  User Name: RAJ\hiihi
  Computer: Raj
  Description: 
The machine-default permission settings do not grant Local Activation permission for the COM Server application with CLSID 
{C2F03A33-21F5-47FA-B4BB-156362A2F239}
 and APPID 
{316CDED5-E4AE-4B15-9113-7055D84DCC97}
 to the user RAJ\hiihi SID (S-1-5-21-2083258646-760213971-1639388674-1001) from address LocalHost (Using LRPC) running in the application container Microsoft.Windows.ShellExperienceHost_10.0.19041.4239_neutral_neutral_cw5n1h2txyewy SID (S-1-15-2-155514346-2573954481-755741238-1654018636-1233331829-3075935687-2861478708). This security permission can be modified using the Component Services administrative tool.

Event[57]:
  Log Name: System
  Source: Microsoft-Windows-Time-Service
  Date: 2024-09-12T17:17:24.6120000Z
  Event ID: 158
  Task: N/A
  Level: Information
  Opcode: Info
  Keyword: N/A
  User: S-1-5-19
  User Name: NT AUTHORITY\LOCAL SERVICE
  Computer: Raj
  Description: 
The time provider 'VMICTimeProvider' has indicated that the current hardware and operating environment is not supported and has stopped. This behavior is expected for VMICTimeProvider on non-HyperV-guest environments. This may be the expected behavior for the current provider in the current operating environment as well.

Event[58]:
  Log Name: System
  Source: Microsoft-Windows-Time-Service
  Date: 2024-09-12T17:34:28.5630000Z
  Event ID: 158
  Task: N/A
  Level: Information
  Opcode: Info
  Keyword: N/A
  User: S-1-5-19
  User Name: NT AUTHORITY\LOCAL SERVICE
  Computer: Raj
  Description: 
The time provider 'VMICTimeProvider' has indicated that the current hardware and operating environment is not supported and has stopped. This behavior is expected for VMICTimeProvider on non-HyperV-guest environments. This may be the expected behavior for the current provider in the current operating environment as well.

Event[59]:
  Log Name: System
  Source: Service Control Manager
  Date: 2024-09-12T17:48:37.0120000Z
  Event ID: 7040
  Task: N/A
  Level: Information
  Opcode: N/A
  Keyword: Classic
  User: S-1-5-18
  User Name: NT AUTHORITY\SYSTEM
  Computer: Raj
  Description: 
The start type of the Background Intelligent Transfer Service service was changed from demand start to auto start.

Event[60]:
  Log Name: System
  Source: Microsoft-Windows-Kernel-General
  Date: 2024-09-13T09:10:13.8910000Z
  Event ID: 12
  Task: N/A
  Level: Information
  Opcode: Info
  Keyword: N/A
  User: S-1-5-18
  User Name: NT AUTHORITY\SYSTEM
  Computer: Raj
  Description: 
The operating system started at system time ?2024?-?09?-?13T03:40:11.500000000Z.

Event[61]:
  Log Name: System
  Source: Microsoft-Windows-Kernel-Boot
  Date: 2024-09-13T09:10:13.8910000Z
  Event ID: 153
  Task: N/A
  Level: Information
  Opcode: Info
  Keyword: N/A
  User: S-1-5-18
  User Name: NT AUTHORITY\SYSTEM
  Computer: Raj
  Description: 
Virtualization-based security (policies: VBS Enabled,VSM Required,Boot Chain Signer Soft Enforced) is enabled due to HyperV.

Event[62]:
  Log Name: System
  Source: Microsoft-Windows-Kernel-Boot
  Date: 2024-09-13T09:10:13.8910000Z
  Event ID: 29
  Task: N/A
  Level: Error
  Opcode: Info
  Keyword: N/A
  User: S-1-5-18
  User Name: NT AUTHORITY\SYSTEM
  Computer: Raj
  Description: 
Windows failed fast startup with error status 0xC00000D4.

Event[63]:
  Log Name: System
  Source: Microsoft-Windows-Kernel-Boot
  Date: 2024-09-13T09:10:13.8910000Z
  Event ID: 18
  Task: N/A
  Level: Information
  Opcode: Info
  Keyword: N/A
  User: S-1-5-18
  User Name: NT AUTHORITY\SYSTEM
  Computer: Raj
  Description: 
There are 0x1 boot options on this system.

Event[64]:
  Log Name: System
  Source: Microsoft-Windows-Kernel-Boot
  Date: 2024-09-13T09:10:13.8910000Z
  Event ID: 32
  Task: N/A
  Level: Information
  Opcode: Info
  Keyword: N/A
  User: S-1-5-18
  User Name: NT AUTHORITY\SYSTEM
  Computer: Raj
  Description: 
The bootmgr spent 0 ms waiting for user input.

Event[65]:
  Log Name: System
  Source: Microsoft-Windows-Kernel-Boot
  Date: 2024-09-13T09:10:13.8920000Z
  Event ID: 20
  Task: N/A
  Level: Information
  Opcode: Info
  Keyword: N/A
  User: S-1-5-18
  User Name: NT AUTHORITY\SYSTEM
  Computer: Raj
  Description: 
The last shutdown's success status was true. The last boot's success status was true.

Event[66]:
  Log Name: System
  Source: EventLog
  Date: 2024-09-13T09:10:49.5260000Z
  Event ID: 6008
  Task: N/A
  Level: Error
  Opcode: N/A
  Keyword: Classic
  User: N/A
  User Name: N/A
  Computer: Raj
  Description: 
The previous system shutdown at 17:20:45 on ?12-?09-?2024 was unexpected.

Event[67]:
  Log Name: System
  Source: EventLog
  Date: 2024-09-13T09:10:49.5260000Z
  Event ID: 6009
  Task: N/A
  Level: Information
  Opcode: N/A
  Keyword: Classic
  User: N/A
  User Name: N/A
  Computer: Raj
  Description: 
Microsoft (R) Windows (R) 10.00. 19045  Multiprocessor Free.

Event[68]:
  Log Name: System
  Source: EventLog
  Date: 2024-09-13T09:10:49.5260000Z
  Event ID: 6005
  Task: N/A
  Level: Information
  Opcode: N/A
  Keyword: Classic
  User: N/A
  User Name: N/A
  Computer: Raj
  Description: 
The Event log service was started.

Event[69]:
  Log Name: System
  Source: EventLog
  Date: 2024-09-13T09:10:49.5260000Z
  Event ID: 6013
  Task: N/A
  Level: Information
  Opcode: N/A
  Keyword: Classic
  User: N/A
  User Name: N/A
  Computer: Raj
  Description: 
The system uptime is 38 seconds.

Event[70]:
  Log Name: System
  Source: Microsoft-Windows-Kernel-Boot
  Date: 2024-09-13T09:10:13.8920000Z
  Event ID: 25
  Task: N/A
  Level: Information
  Opcode: Info
  Keyword: N/A
  User: S-1-5-18
  User Name: NT AUTHORITY\SYSTEM
  Computer: Raj
  Description: 
The boot menu policy was 0x1.

Event[71]:
  Log Name: System
  Source: Microsoft-Windows-Kernel-Boot
  Date: 2024-09-13T09:10:13.8920000Z
  Event ID: 27
  Task: N/A
  Level: Information
  Opcode: Info
  Keyword: N/A
  User: S-1-5-18
  User Name: NT AUTHORITY\SYSTEM
  Computer: Raj
  Description: 
The boot type was 0x0.

Event[72]:
  Log Name: System
  Source: Microsoft-Windows-Kernel-Boot
  Date: 2024-09-13T09:10:13.8920000Z
  Event ID: 18
  Task: N/A
  Level: Information
  Opcode: Info
  Keyword: N/A
  User: S-1-5-18
  User Name: NT AUTHORITY\SYSTEM
  Computer: Raj
  Description: 
There are 0x1 boot options on this system.

Event[73]:
  Log Name: System
  Source: Microsoft-Windows-Kernel-Boot
  Date: 2024-09-13T09:10:13.8920000Z
  Event ID: 32
  Task: N/A
  Level: Information
  Opcode: Info
  Keyword: N/A
  User: S-1-5-18
  User Name: NT AUTHORITY\SYSTEM
  Computer: Raj
  Description: 
The bootmgr spent 0 ms waiting for user input.

Event[74]:
  Log Name: System
  Source: Microsoft-Windows-Kernel-Boot
  Date: 2024-09-13T09:10:13.8920000Z
  Event ID: 30
  Task: N/A
  Level: Information
  Opcode: Info
  Keyword: N/A
  User: S-1-5-18
  User Name: NT AUTHORITY\SYSTEM
  Computer: Raj
  Description: 
The firmware reported boot metrics.

Event[75]:
  Log Name: System
  Source: Microsoft-Windows-Hyper-V-Hypervisor
  Date: 2024-09-13T09:10:13.9090000Z
  Event ID: 1
  Task: N/A
  Level: Information
  Opcode: Info
  Keyword: N/A
  User: S-1-5-18
  User Name: NT AUTHORITY\SYSTEM
  Computer: Raj
  Description: 
Hypervisor successfully started.

Event[76]:
  Log Name: System
  Source: Microsoft-Windows-Hyper-V-Hypervisor
  Date: 2024-09-13T09:10:13.9090000Z
  Event ID: 2
  Task: N/A
  Level: Information
  Opcode: Info
  Keyword: N/A
  User: S-1-5-18
  User Name: NT AUTHORITY\SYSTEM
  Computer: Raj
  Description: 
Hypervisor scheduler type is 0x4.

Event[77]:
  Log Name: System
  Source: Microsoft-Windows-Hyper-V-Hypervisor
  Date: 2024-09-13T09:10:13.9100000Z
  Event ID: 129
  Task: N/A
  Level: Information
  Opcode: Info
  Keyword: N/A
  User: S-1-5-18
  User Name: NT AUTHORITY\SYSTEM
  Computer: Raj
  Description: 
Hypervisor initialized I/O remapping.

Hardware present: true
Hardware enabled: true
Policy: 0x0
Enabled features: 0x42
Internal information: 0x0
Problems: 0x0
Additional information: 0x0

Event[78]:
  Log Name: System
  Source: Microsoft-Windows-Hyper-V-Hypervisor
  Date: 2024-09-13T09:10:13.9100000Z
  Event ID: 156
  Task: N/A
  Level: Information
  Opcode: Info
  Keyword: N/A
  User: S-1-5-18
  User Name: NT AUTHORITY\SYSTEM
  Computer: Raj
  Description: 
Hypervisor configured mitigations for CVE-2018-3646 for virtual machines.

Processor not affected: false
Processor family not affected: false
Processor supports cache flush: true
HyperThreading enabled: true
Parent hypervisor applies mitigations: false
Mitigations disabled by bcdedit: false
Mitigations enabled: true
Cache flush needed: true


Event[79]:
  Log Name: System
  Source: Microsoft-Windows-Hyper-V-Hypervisor
  Date: 2024-09-13T09:10:13.9100000Z
  Event ID: 165
  Task: N/A
  Level: Information
  Opcode: Info
  Keyword: N/A
  User: S-1-5-18
  User Name: NT AUTHORITY\SYSTEM
  Computer: Raj
  Description: 
Hypervisor configured mitigations for CVE-2019-11091, CVE-2018-12126, CVE-2018-12127, CVE-2018-12130 for virtual machines.

Processor not affected: false
Processor family not affected: false
Processor supports microarchitectural buffer flush: true
Buffer flush needed: true


Event[80]:
  Log Name: System
  Source: Microsoft-Windows-IsolatedUserMode
  Date: 2024-09-13T09:10:13.9570000Z
  Event ID: 3
  Task: N/A
  Level: Information
  Opcode: Info
  Keyword: N/A
  User: S-1-5-18
  User Name: NT AUTHORITY\SYSTEM
  Computer: Raj
  Description: 
Secure Kernel started with status STATUS_SUCCESS and flags 0.

Event[81]:
  Log Name: System
  Source: Microsoft-Windows-Kernel-General
  Date: 2024-09-13T09:10:13.9570000Z
  Event ID: 20
  Task: N/A
  Level: Information
  Opcode: Info
  Keyword: Time
  User: S-1-5-18
  User Name: NT AUTHORITY\SYSTEM
  Computer: Raj
  Description: 
The leap second configuration has been updated.
Reason: Leap second data initialized from registry during boot
Leap seconds enabled: true
New leap second count: 0
Old leap second count: 0

Event[82]:
  Log Name: System
  Source: Microsoft-Windows-HAL
  Date: 2024-09-13T09:10:14.3680000Z
  Event ID: 16
  Task: N/A
  Level: Information
  Opcode: Info
  Keyword: N/A
  User: S-1-5-18
  User Name: NT AUTHORITY\SYSTEM
  Computer: Raj
  Description: 
The iommu fault reporting has been initialized.

Event[83]:
  Log Name: System
  Source: Microsoft-Windows-FilterManager
  Date: 2024-09-13T09:10:16.3070000Z
  Event ID: 6
  Task: N/A
  Level: Information
  Opcode: Info
  Keyword: N/A
  User: S-1-5-18
  User Name: NT AUTHORITY\SYSTEM
  Computer: Raj
  Description: 
File System Filter 'FileInfo' (10.0, ?2062?-?12?-?23T10:51:06.000000000Z) has successfully loaded and registered with Filter Manager.

Event[84]:
  Log Name: System
  Source: Microsoft-Windows-FilterManager
  Date: 2024-09-13T09:10:16.3130000Z
  Event ID: 6
  Task: N/A
  Level: Information
  Opcode: Info
  Keyword: N/A
  User: S-1-5-18
  User Name: NT AUTHORITY\SYSTEM
  Computer: Raj
  Description: 
File System Filter 'Wof' (10.0, ?2090?-?03?-?17T00:26:17.000000000Z) has successfully loaded and registered with Filter Manager.

Event[85]:
  Log Name: System
  Source: Microsoft-Windows-FilterManager
  Date: 2024-09-13T09:10:16.3200000Z
  Event ID: 6
  Task: N/A
  Level: Information
  Opcode: Info
  Keyword: N/A
  User: S-1-5-18
  User Name: NT AUTHORITY\SYSTEM
  Computer: Raj
  Description: 
File System Filter 'WdFilter' (10.0, ?2042?-?01?-?15T06:52:41.000000000Z) has successfully loaded and registered with Filter Manager.

Event[86]:
  Log Name: System
  Source: Microsoft-Windows-Ntfs
  Date: 2024-09-13T09:10:24.0350000Z
  Event ID: 98
  Task: N/A
  Level: Information
  Opcode: Info
  Keyword: N/A
  User: S-1-5-18
  User Name: NT AUTHORITY\SYSTEM
  Computer: Raj
  Description: 
Volume C: (\Device\HarddiskVolume2) is healthy.  No action is needed.

Event[87]:
  Log Name: System
  Source: Microsoft-Windows-FilterManager
  Date: 2024-09-13T09:10:24.5430000Z
  Event ID: 6
  Task: N/A
  Level: Information
  Opcode: Info
  Keyword: N/A
  User: S-1-5-18
  User Name: NT AUTHORITY\SYSTEM
  Computer: Raj
  Description: 
File System Filter 'FileCrypt' (10.0, ?2002?-?03?-?01T16:42:42.000000000Z) has successfully loaded and registered with Filter Manager.

Event[88]:
  Log Name: System
  Source: Microsoft-Windows-FilterManager
  Date: 2024-09-13T09:10:24.5710000Z
  Event ID: 6
  Task: N/A
  Level: Information
  Opcode: Info
  Keyword: N/A
  User: S-1-5-18
  User Name: NT AUTHORITY\SYSTEM
  Computer: Raj
  Description: 
File System Filter 'UCPD' (10.0, ?1985?-?02?-?14T05:16:35.000000000Z) has successfully loaded and registered with Filter Manager.

Event[89]:
  Log Name: System
  Source: VfpExt
  Date: 2024-09-13T09:10:25.4070000Z
  Event ID: 7036
  Task: N/A
  Level: Information
  Opcode: N/A
  Keyword: Classic
  User: N/A
  User Name: N/A
  Computer: Raj
  Description: 
The  service entered the Driver load start state.

Event[90]:
  Log Name: System
  Source: VfpExt
  Date: 2024-09-13T09:10:25.4070000Z
  Event ID: 7036
  Task: N/A
  Level: Information
  Opcode: N/A
  Keyword: Classic
  User: N/A
  User Name: N/A
  Computer: Raj
  Description: 
The  service entered the Driver load complete state.

Event[91]:
  Log Name: System
  Source: Microsoft-Windows-FilterManager
  Date: 2024-09-13T09:10:25.6680000Z
  Event ID: 6
  Task: N/A
  Level: Information
  Opcode: Info
  Keyword: N/A
  User: S-1-5-18
  User Name: NT AUTHORITY\SYSTEM
  Computer: Raj
  Description: 
File System Filter 'npsvctrig' (10.0, ?2025?-?01?-?06T08:11:12.000000000Z) has successfully loaded and registered with Filter Manager.

Event[92]:
  Log Name: System
  Source: Microsoft-Windows-Ntfs
  Date: 2024-09-13T09:10:25.9420000Z
  Event ID: 98
  Task: N/A
  Level: Information
  Opcode: Info
  Keyword: N/A
  User: S-1-5-18
  User Name: NT AUTHORITY\SYSTEM
  Computer: Raj
  Description: 
Volume \\?\Volume{a2b18c28-0000-0000-0000-100000000000} (\Device\HarddiskVolume1) is healthy.  No action is needed.

Event[93]:
  Log Name: System
  Source: Microsoft-Windows-Kernel-Power
  Date: 2024-09-13T09:10:26.1900000Z
  Event ID: 41
  Task: N/A
  Level: Critical
  Opcode: Info
  Keyword: N/A
  User: S-1-5-18
  User Name: NT AUTHORITY\SYSTEM
  Computer: Raj
  Description: 
The system has rebooted without cleanly shutting down first. This error could be caused if the system stopped responding, crashed, or lost power unexpectedly.

Event[94]:
  Log Name: System
  Source: Microsoft-Windows-Kernel-Power
  Date: 2024-09-13T09:10:26.1910000Z
  Event ID: 172
  Task: N/A
  Level: Information
  Opcode: Info
  Keyword: N/A
  User: S-1-5-18
  User Name: NT AUTHORITY\SYSTEM
  Computer: Raj
  Description: 
Connectivity state in standby: Disconnected, Reason: NIC compliance

Event[95]:
  Log Name: System
  Source: Microsoft-Windows-Kernel-Processor-Power
  Date: 2024-09-13T09:10:27.0920000Z
  Event ID: 55
  Task: N/A
  Level: Information
  Opcode: Info
  Keyword: N/A
  User: S-1-5-18
  User Name: NT AUTHORITY\SYSTEM
  Computer: Raj
  Description: 
Processor 0 in group 0 exposes the following power management capabilities:

Idle state type: ACPI Idle (C) States (3 state(s))

Performance state type: ACPI Collaborative Processor Performance Control
Nominal Frequency (MHz): 1800
Maximum performance percentage: 188
Minimum performance percentage: 22
Minimum throttle percentage: 5

Event[96]:
  Log Name: System
  Source: Microsoft-Windows-Kernel-Processor-Power
  Date: 2024-09-13T09:10:27.8360000Z
  Event ID: 55
  Task: N/A
  Level: Information
  Opcode: Info
  Keyword: N/A
  User: S-1-5-18
  User Name: NT AUTHORITY\SYSTEM
  Computer: Raj
  Description: 
Processor 2 in group 0 exposes the following power management capabilities:

Idle state type: ACPI Idle (C) States (3 state(s))

Performance state type: ACPI Collaborative Processor Performance Control
Nominal Frequency (MHz): 1800
Maximum performance percentage: 188
Minimum performance percentage: 44
Minimum throttle percentage: 5

Event[97]:
  Log Name: System
  Source: Microsoft-Windows-Kernel-Processor-Power
  Date: 2024-09-13T09:10:27.8360000Z
  Event ID: 55
  Task: N/A
  Level: Information
  Opcode: Info
  Keyword: N/A
  User: S-1-5-18
  User Name: NT AUTHORITY\SYSTEM
  Computer: Raj
  Description: 
Processor 4 in group 0 exposes the following power management capabilities:

Idle state type: ACPI Idle (C) States (3 state(s))

Performance state type: ACPI Collaborative Processor Performance Control
Nominal Frequency (MHz): 1800
Maximum performance percentage: 188
Minimum performance percentage: 44
Minimum throttle percentage: 5

Event[98]:
  Log Name: System
  Source: Microsoft-Windows-Kernel-Processor-Power
  Date: 2024-09-13T09:10:27.8370000Z
  Event ID: 55
  Task: N/A
  Level: Information
  Opcode: Info
  Keyword: N/A
  User: S-1-5-18
  User Name: NT AUTHORITY\SYSTEM
  Computer: Raj
  Description: 
Processor 6 in group 0 exposes the following power management capabilities:

Idle state type: ACPI Idle (C) States (3 state(s))

Performance state type: ACPI Collaborative Processor Performance Control
Nominal Frequency (MHz): 1800
Maximum performance percentage: 188
Minimum performance percentage: 44
Minimum throttle percentage: 5

Event[99]:
  Log Name: System
  Source: Microsoft-Windows-Kernel-Processor-Power
  Date: 2024-09-13T09:10:27.8380000Z
  Event ID: 55
  Task: N/A
  Level: Information
  Opcode: Info
  Keyword: N/A
  User: S-1-5-18
  User Name: NT AUTHORITY\SYSTEM
  Computer: Raj
  Description: 
Processor 1 in group 0 exposes the following power management capabilities:

Idle state type: ACPI Idle (C) States (3 state(s))

Performance state type: ACPI Collaborative Processor Performance Control
Nominal Frequency (MHz): 1800
Maximum performance percentage: 188
Minimum performance percentage: 44
Minimum throttle percentage: 5



